::1 - - [15/Oct/2019:14:59:48 +0200] "GET / HTTP/1.1" 200 1646
::1 - - [15/Oct/2019:14:59:48 +0200] "GET /?getimg=title HTTP/1.1" 200 6119
::1 - - [15/Oct/2019:14:59:48 +0200] "GET /?getimg=folder HTTP/1.1" 200 537
::1 - - [15/Oct/2019:14:59:48 +0200] "GET /?getimg=favicon HTTP/1.1" 200 5430
::1 - - [15/Oct/2019:14:59:51 +0200] "GET /td4 HTTP/1.1" 301 329
::1 - - [15/Oct/2019:14:59:51 +0200] "GET /td4/ HTTP/1.1" 200 24
::1 - - [15/Oct/2019:14:59:51 +0200] "GET /favicon.ico HTTP/1.1" 404 309
::1 - - [15/Oct/2019:14:59:56 +0200] "GET /mysql/ HTTP/1.1" 200 3087
::1 - - [15/Oct/2019:14:59:57 +0200] "GET /mysql/themes/pmahomme/jquery/jquery-ui-1.11.2.css HTTP/1.1" 200 35212
::1 - - [15/Oct/2019:14:59:57 +0200] "GET /mysql/js/codemirror/lib/codemirror.css?v=4.5.4.1 HTTP/1.1" 200 7771
::1 - - [15/Oct/2019:14:59:57 +0200] "GET /mysql/js/codemirror/addon/hint/show-hint.css?v=4.5.4.1 HTTP/1.1" 200 662
::1 - - [15/Oct/2019:14:59:57 +0200] "GET /mysql/themes/pmahomme/css/printview.css?v=4.5.4.1 HTTP/1.1" 200 3082
::1 - - [15/Oct/2019:14:59:57 +0200] "GET /mysql/js/codemirror/addon/lint/lint.css?v=4.5.4.1 HTTP/1.1" 200 3068
::1 - - [15/Oct/2019:14:59:57 +0200] "GET /mysql/js/get_scripts.js.php?scripts%5B%5D=common.js&scripts%5B%5D=config.js&scripts%5B%5D=page_settings.js&scripts%5B%5D=codemirror/lib/codemirror.js&scripts%5B%5D=codemirror/mode/sql/sql.js&scripts%5B%5D=codemirror/addon/runmode/runmode.js&scripts%5B%5D=codemirror/addon/hint/show-hint.js&scripts%5B%5D=codemirror/addon/hint/sql-hint.js&scripts%5B%5D=codemirror/addon/lint/lint.js&scripts%5B%5D=codemirror/addon/lint/sql-lint.js&scripts%5B%5D=console.js&v=4.5.4.1 HTTP/1.1" 200 129440
::1 - - [15/Oct/2019:14:59:57 +0200] "GET /mysql/js/whitelist.php?lang=fr&db=&collation_connection=utf8_unicode_ci&token=2a468f20ab7dde8139b4e761af35f72e&v=4.5.4.1 HTTP/1.1" 200 482
::1 - - [15/Oct/2019:14:59:57 +0200] "GET /mysql/phpmyadmin.css.php?nocache=4363588757ltr HTTP/1.1" 200 20076
::1 - - [15/Oct/2019:14:59:57 +0200] "GET /mysql/js/get_scripts.js.php?scripts%5B%5D=jquery/jquery-1.11.1.min.js&scripts%5B%5D=sprintf.js&scripts%5B%5D=ajax.js&scripts%5B%5D=keyhandler.js&scripts%5B%5D=jquery/jquery-ui-1.11.2.min.js&scripts%5B%5D=jquery/jquery.cookie.js&scripts%5B%5D=jquery/jquery.mousewheel.js&scripts%5B%5D=jquery/jquery.event.drag-2.2.js&scripts%5B%5D=jquery/jquery-ui-timepicker-addon.js&scripts%5B%5D=jquery/jquery.ba-hashchange-1.3.js&scripts%5B%5D=jquery/jquery.debounce-1.0.5.js&scripts%5B%5D=menu-resizer.js&scripts%5B%5D=cross_framing_protection.js&scripts%5B%5D=rte.js&scripts%5B%5D=tracekit/tracekit.js&scripts%5B%5D=error_report.js&scripts%5B%5D=doclinks.js&scripts%5B%5D=functions.js&scripts%5B%5D=navigation.js&scripts%5B%5D=indexes.js&v=4.5.4.1 HTTP/1.1" 200 216429
::1 - - [15/Oct/2019:14:59:57 +0200] "GET /mysql/js/get_image.js.php?theme=pmahomme&v=4.5.4.1 HTTP/1.1" 200 1822
::1 - - [15/Oct/2019:14:59:57 +0200] "GET /mysql/js/messages.php?lang=fr&db=&collation_connection=utf8_unicode_ci&token=2a468f20ab7dde8139b4e761af35f72e&v=4.5.4.1 HTTP/1.1" 200 9507
::1 - - [15/Oct/2019:14:59:59 +0200] "GET /mysql/themes/pmahomme/img/logo_right.png HTTP/1.1" 200 4548
::1 - - [15/Oct/2019:14:59:59 +0200] "GET /mysql/themes/dot.gif HTTP/1.1" 200 43
::1 - - [15/Oct/2019:14:59:59 +0200] "GET /mysql/favicon.ico HTTP/1.1" 200 22486
::1 - - [15/Oct/2019:14:59:59 +0200] "GET /mysql/themes/pmahomme/img/sprites.png?v=4.5.4.1 HTTP/1.1" 200 46795
::1 - - [15/Oct/2019:15:00:03 +0200] "POST /mysql/index.php HTTP/1.1" 302 25
::1 - - [15/Oct/2019:15:00:04 +0200] "GET /mysql/index.php?token=2a468f20ab7dde8139b4e761af35f72e HTTP/1.1" 200 13362
::1 - - [15/Oct/2019:15:00:05 +0200] "GET /mysql/js/whitelist.php?lang=fr&db=&token=2a468f20ab7dde8139b4e761af35f72e&v=4.5.4.1 HTTP/1.1" 200 482
::1 - - [15/Oct/2019:15:00:05 +0200] "GET /mysql/phpmyadmin.css.php?nocache=5934733161ltr HTTP/1.1" 200 20076
::1 - - [15/Oct/2019:15:00:10 +0200] "GET /mysql/js/messages.php?lang=fr&db=&token=2a468f20ab7dde8139b4e761af35f72e&v=4.5.4.1 HTTP/1.1" 200 9507
::1 - - [15/Oct/2019:15:00:10 +0200] "GET /mysql/themes/pmahomme/img/ajax_clock_small.gif HTTP/1.1" 200 1810
::1 - - [15/Oct/2019:15:00:10 +0200] "GET /mysql/themes/pmahomme/img/logo_left.png HTTP/1.1" 200 2327
::1 - - [15/Oct/2019:15:00:10 +0200] "GET /mysql/themes/pmahomme/img/left_nav_bg.png HTTP/1.1" 200 297
::1 - - [15/Oct/2019:15:00:10 +0200] "GET /mysql/themes/pmahomme/img/s_collapseall.png HTTP/1.1" 200 170
::1 - - [15/Oct/2019:15:00:10 +0200] "GET /mysql/version_check.php?server=1&_nocache=157114441070018465 HTTP/1.1" 200 39
::1 - - [15/Oct/2019:15:00:10 +0200] "POST /mysql/db_structure.php?ajax_request=1&favorite_table=1&sync_favorite_tables=1&token=2a468f20ab7dde8139b4e761af35f72e HTTP/1.1" 200 164
::1 - - [15/Oct/2019:15:00:16 +0200] "GET /mysql/server_databases.php?server=1&token=2a468f20ab7dde8139b4e761af35f72e&ajax_request=true&ajax_page_request=true&_nocache=1571144416116865332 HTTP/1.1" 200 5846
::1 - - [15/Oct/2019:15:00:16 +0200] "GET /mysql/themes/pmahomme/img/arrow_ltr.png HTTP/1.1" 200 139
::1 - - [15/Oct/2019:15:00:16 +0200] "GET /mysql/js/get_scripts.js.php?scripts%5B%5D=server_databases.js&call_done=1&v=4.5.4.1 HTTP/1.1" 200 1707
::1 - - [15/Oct/2019:15:00:16 +0200] "POST /mysql/navigation.php?ajax_request=1&token=2a468f20ab7dde8139b4e761af35f72e HTTP/1.1" 200 2097
::1 - - [15/Oct/2019:15:00:22 +0200] "POST /mysql/db_create.php HTTP/1.1" 200 2010
::1 - - [15/Oct/2019:15:00:23 +0200] "POST /mysql/navigation.php?ajax_request=1&token=2a468f20ab7dde8139b4e761af35f72e HTTP/1.1" 200 2128
::1 - - [15/Oct/2019:15:00:23 +0200] "GET /mysql/db_structure.php?db=td4&token=2a468f20ab7dde8139b4e761af35f72e&db=td4&ajax_request=true&ajax_page_request=true&_nocache=1571144423121822741 HTTP/1.1" 200 2831
::1 - - [15/Oct/2019:15:00:23 +0200] "GET /mysql/js/get_scripts.js.php?scripts%5B%5D=db_structure.js&scripts%5B%5D=tbl_change.js&call_done=1&v=4.5.4.1 HTTP/1.1" 200 10265
::1 - - [15/Oct/2019:15:00:23 +0200] "GET /mysql/navigation.php?ajax_request=1&token=2a468f20ab7dde8139b4e761af35f72e&aPath=cm9vdA%3D%3D.dGQ0&vPath=cm9vdA%3D%3D.dGQ0&pos=0&pos2_name=&pos2_value=&searchClause=&searchClause2=&_nocache=1571144423958658727 HTTP/1.1" 200 1404
::1 - - [15/Oct/2019:15:00:26 +0200] "GET /mysql/db_import.php?db=td4&token=2a468f20ab7dde8139b4e761af35f72e&ajax_request=true&ajax_page_request=true&_nocache=1571144426112234573 HTTP/1.1" 200 6341
::1 - - [15/Oct/2019:15:00:26 +0200] "GET /mysql/js/get_scripts.js.php?scripts%5B%5D=import.js&call_done=1&v=4.5.4.1 HTTP/1.1" 200 1803
::1 - - [15/Oct/2019:15:00:51 +0200] "POST /mysql/import.php HTTP/1.1" 200 8463
::1 - - [15/Oct/2019:15:00:53 +0200] "GET /mysql/phpmyadmin.css.php?nocache=5819075458ltr HTTP/1.1" 200 20076
::1 - - [15/Oct/2019:15:00:53 +0200] "GET /mysql/js/messages.php?lang=fr&db=td4&token=2a468f20ab7dde8139b4e761af35f72e&v=4.5.4.1 HTTP/1.1" 200 9507
::1 - - [15/Oct/2019:15:00:53 +0200] "GET /mysql/js/whitelist.php?lang=fr&db=td4&token=2a468f20ab7dde8139b4e761af35f72e&v=4.5.4.1 HTTP/1.1" 200 482
::1 - - [15/Oct/2019:15:00:54 +0200] "POST /mysql/navigation.php?ajax_request=1&token=2a468f20ab7dde8139b4e761af35f72e HTTP/1.1" 200 2642
::1 - - [15/Oct/2019:15:00:56 +0200] "GET /mysql/db_import.php?db=td4&token=2a468f20ab7dde8139b4e761af35f72e&ajax_request=true&ajax_page_request=true&_nocache=1571144456437541424 HTTP/1.1" 200 6342
::1 - - [15/Oct/2019:15:01:03 +0200] "POST /mysql/import.php HTTP/1.1" 200 23108
::1 - - [15/Oct/2019:15:01:05 +0200] "GET /mysql/js/get_scripts.js.php?scripts%5B%5D=common.js&scripts%5B%5D=config.js&scripts%5B%5D=page_settings.js&scripts%5B%5D=makegrid.js&scripts%5B%5D=sql.js&scripts%5B%5D=codemirror/lib/codemirror.js&scripts%5B%5D=codemirror/mode/sql/sql.js&scripts%5B%5D=codemirror/addon/runmode/runmode.js&scripts%5B%5D=codemirror/addon/hint/show-hint.js&scripts%5B%5D=codemirror/addon/hint/sql-hint.js&scripts%5B%5D=codemirror/addon/lint/lint.js&scripts%5B%5D=codemirror/addon/lint/sql-lint.js&scripts%5B%5D=console.js&v=4.5.4.1 HTTP/1.1" 200 154253
::1 - - [15/Oct/2019:15:01:06 +0200] "GET /mysql/themes/pmahomme/img/col_pointer.png HTTP/1.1" 200 113
::1 - - [15/Oct/2019:15:01:06 +0200] "GET /mysql/themes/pmahomme/img/s_fulltext.png HTTP/1.1" 200 193
::1 - - [15/Oct/2019:15:01:06 +0200] "GET /mysql/themes/pmahomme/img/col_drop.png HTTP/1.1" 200 132
::1 - - [15/Oct/2019:15:01:06 +0200] "POST /mysql/navigation.php?ajax_request=1&token=2a468f20ab7dde8139b4e761af35f72e HTTP/1.1" 200 2685
::1 - - [15/Oct/2019:15:01:06 +0200] "GET /mysql/index.php?ajax_request=1&recent_table=1&token=2a468f20ab7dde8139b4e761af35f72e&no_debug=true&_nocache=157114446621175503 HTTP/1.1" 200 1426
::1 - - [15/Oct/2019:15:01:10 +0200] "GET /mysql/tbl_import.php?db=td4&table=Types&token=2a468f20ab7dde8139b4e761af35f72e&ajax_request=true&ajax_page_request=true&_nocache=1571144470221944739 HTTP/1.1" 200 6635
::1 - - [15/Oct/2019:15:01:10 +0200] "GET /mysql/index.php?ajax_request=1&recent_table=1&token=2a468f20ab7dde8139b4e761af35f72e&no_debug=true&_nocache=1571144470878779272 HTTP/1.1" 200 1426
::1 - - [15/Oct/2019:15:02:54 +0200] "POST /mysql/import.php HTTP/1.1" 200 8256
::1 - - [15/Oct/2019:15:02:55 +0200] "GET /mysql/index.php?ajax_request=1&recent_table=1&token=2a468f20ab7dde8139b4e761af35f72e&no_debug=true&_nocache=15711445753017255 HTTP/1.1" 200 1426
::1 - - [15/Oct/2019:15:02:55 +0200] "POST /mysql/navigation.php?ajax_request=1&token=2a468f20ab7dde8139b4e761af35f72e HTTP/1.1" 200 2685
::1 - - [15/Oct/2019:15:03:01 +0200] "GET /mysql/tbl_import.php?db=td4&table=Types&token=2a468f20ab7dde8139b4e761af35f72e&ajax_request=true&ajax_page_request=true&_nocache=1571144581904433734 HTTP/1.1" 200 6635
::1 - - [15/Oct/2019:15:03:02 +0200] "GET /mysql/index.php?ajax_request=1&recent_table=1&token=2a468f20ab7dde8139b4e761af35f72e&no_debug=true&_nocache=1571144582485613260 HTTP/1.1" 200 1426
::1 - - [15/Oct/2019:15:03:06 +0200] "POST /mysql/import.php HTTP/1.1" 200 8262
::1 - - [15/Oct/2019:15:03:08 +0200] "GET /mysql/index.php?ajax_request=1&recent_table=1&token=2a468f20ab7dde8139b4e761af35f72e&no_debug=true&_nocache=1571144588609871289 HTTP/1.1" 200 1426
::1 - - [15/Oct/2019:15:03:08 +0200] "POST /mysql/navigation.php?ajax_request=1&token=2a468f20ab7dde8139b4e761af35f72e HTTP/1.1" 200 2685
::1 - - [15/Oct/2019:15:03:17 +0200] "GET /mysql/tbl_import.php?db=td4&table=Types&token=2a468f20ab7dde8139b4e761af35f72e HTTP/1.1" 200 12821
::1 - - [15/Oct/2019:15:03:18 +0200] "GET /mysql/js/get_scripts.js.php?scripts%5B%5D=common.js&scripts%5B%5D=config.js&scripts%5B%5D=page_settings.js&scripts%5B%5D=import.js&scripts%5B%5D=codemirror/lib/codemirror.js&scripts%5B%5D=codemirror/mode/sql/sql.js&scripts%5B%5D=codemirror/addon/runmode/runmode.js&scripts%5B%5D=codemirror/addon/hint/show-hint.js&scripts%5B%5D=codemirror/addon/hint/sql-hint.js&scripts%5B%5D=codemirror/addon/lint/lint.js&scripts%5B%5D=codemirror/addon/lint/sql-lint.js&scripts%5B%5D=console.js&v=4.5.4.1 HTTP/1.1" 200 130822
::1 - - [15/Oct/2019:15:03:18 +0200] "GET /mysql/index.php?ajax_request=1&recent_table=1&token=2a468f20ab7dde8139b4e761af35f72e&no_debug=true&_nocache=1571144598651964156 HTTP/1.1" 200 1426
::1 - - [15/Oct/2019:15:03:18 +0200] "POST /mysql/navigation.php?ajax_request=1&token=2a468f20ab7dde8139b4e761af35f72e HTTP/1.1" 200 2685
::1 - - [15/Oct/2019:15:03:45 +0200] "GET / HTTP/1.1" 200 1646
::1 - - [15/Oct/2019:15:03:45 +0200] "GET /?getimg=title HTTP/1.1" 200 6119
::1 - - [15/Oct/2019:15:03:45 +0200] "GET /?getimg=folder HTTP/1.1" 200 537
::1 - - [15/Oct/2019:15:03:45 +0200] "GET /?getimg=favicon HTTP/1.1" 200 5430
::1 - - [15/Oct/2019:15:03:46 +0200] "GET /td4 HTTP/1.1" 301 329
::1 - - [15/Oct/2019:15:03:46 +0200] "GET /td4/ HTTP/1.1" 200 93
::1 - - [15/Oct/2019:15:03:46 +0200] "GET /favicon.ico HTTP/1.1" 404 309
::1 - - [15/Oct/2019:15:04:00 +0200] "GET / HTTP/1.1" 200 1646
::1 - - [15/Oct/2019:15:04:00 +0200] "GET /?getimg=title HTTP/1.1" 200 6119
::1 - - [15/Oct/2019:15:04:00 +0200] "GET /?getimg=folder HTTP/1.1" 200 537
::1 - - [15/Oct/2019:15:04:01 +0200] "GET /mysql/ HTTP/1.1" 200 3061
::1 - - [15/Oct/2019:15:04:01 +0200] "GET /mysql/themes/pmahomme/jquery/jquery-ui-1.11.2.css HTTP/1.1" 200 35212
::1 - - [15/Oct/2019:15:04:01 +0200] "GET /mysql/js/codemirror/lib/codemirror.css?v=4.5.4.1 HTTP/1.1" 200 7771
::1 - - [15/Oct/2019:15:04:01 +0200] "GET /mysql/js/codemirror/addon/hint/show-hint.css?v=4.5.4.1 HTTP/1.1" 200 662
::1 - - [15/Oct/2019:15:04:01 +0200] "GET /mysql/js/codemirror/addon/lint/lint.css?v=4.5.4.1 HTTP/1.1" 200 3068
::1 - - [15/Oct/2019:15:04:01 +0200] "GET /mysql/themes/pmahomme/css/printview.css?v=4.5.4.1 HTTP/1.1" 200 3082
::1 - - [15/Oct/2019:15:04:01 +0200] "GET /mysql/js/whitelist.php?lang=fr&db=&token=d11b603112c1e23ed2f9c275dd6e37a7&v=4.5.4.1 HTTP/1.1" 200 482
::1 - - [15/Oct/2019:15:04:02 +0200] "GET /mysql/themes/pmahomme/img/logo_right.png HTTP/1.1" 200 4548
::1 - - [15/Oct/2019:15:04:02 +0200] "GET /mysql/themes/dot.gif HTTP/1.1" 200 43
::1 - - [15/Oct/2019:15:04:01 +0200] "GET /mysql/js/get_scripts.js.php?scripts%5B%5D=jquery/jquery-1.11.1.min.js&scripts%5B%5D=sprintf.js&scripts%5B%5D=ajax.js&scripts%5B%5D=keyhandler.js&scripts%5B%5D=jquery/jquery-ui-1.11.2.min.js&scripts%5B%5D=jquery/jquery.cookie.js&scripts%5B%5D=jquery/jquery.mousewheel.js&scripts%5B%5D=jquery/jquery.event.drag-2.2.js&scripts%5B%5D=jquery/jquery-ui-timepicker-addon.js&scripts%5B%5D=jquery/jquery.ba-hashchange-1.3.js&scripts%5B%5D=jquery/jquery.debounce-1.0.5.js&scripts%5B%5D=menu-resizer.js&scripts%5B%5D=cross_framing_protection.js&scripts%5B%5D=rte.js&scripts%5B%5D=tracekit/tracekit.js&scripts%5B%5D=error_report.js&scripts%5B%5D=doclinks.js&scripts%5B%5D=functions.js&scripts%5B%5D=navigation.js&scripts%5B%5D=indexes.js&v=4.5.4.1 HTTP/1.1" 200 216429
::1 - - [15/Oct/2019:15:04:01 +0200] "GET /mysql/phpmyadmin.css.php?nocache=4363588757ltr HTTP/1.1" 200 20076
::1 - - [15/Oct/2019:15:04:01 +0200] "GET /mysql/js/get_scripts.js.php?scripts%5B%5D=common.js&scripts%5B%5D=config.js&scripts%5B%5D=page_settings.js&scripts%5B%5D=codemirror/lib/codemirror.js&scripts%5B%5D=codemirror/mode/sql/sql.js&scripts%5B%5D=codemirror/addon/runmode/runmode.js&scripts%5B%5D=codemirror/addon/hint/show-hint.js&scripts%5B%5D=codemirror/addon/hint/sql-hint.js&scripts%5B%5D=codemirror/addon/lint/lint.js&scripts%5B%5D=codemirror/addon/lint/sql-lint.js&scripts%5B%5D=console.js&v=4.5.4.1 HTTP/1.1" 200 129440
::1 - - [15/Oct/2019:15:04:01 +0200] "GET /mysql/js/get_image.js.php?theme=pmahomme&v=4.5.4.1 HTTP/1.1" 200 1822
::1 - - [15/Oct/2019:15:04:01 +0200] "GET /mysql/js/messages.php?lang=fr&db=&token=d11b603112c1e23ed2f9c275dd6e37a7&v=4.5.4.1 HTTP/1.1" 200 9507
::1 - - [15/Oct/2019:15:04:03 +0200] "GET /mysql/themes/pmahomme/img/sprites.png?v=4.5.4.1 HTTP/1.1" 200 46795
::1 - - [15/Oct/2019:15:04:03 +0200] "GET /mysql/favicon.ico HTTP/1.1" 200 22486
::1 - - [15/Oct/2019:15:04:06 +0200] "POST /mysql/index.php HTTP/1.1" 302 25
::1 - - [15/Oct/2019:15:04:07 +0200] "GET /mysql/index.php?token=d11b603112c1e23ed2f9c275dd6e37a7 HTTP/1.1" 200 13433
::1 - - [15/Oct/2019:15:04:07 +0200] "GET /mysql/themes/pmahomme/img/logo_left.png HTTP/1.1" 200 2327
::1 - - [15/Oct/2019:15:04:07 +0200] "GET /mysql/themes/pmahomme/img/ajax_clock_small.gif HTTP/1.1" 200 1810
::1 - - [15/Oct/2019:15:04:07 +0200] "GET /mysql/themes/pmahomme/img/s_collapseall.png HTTP/1.1" 200 170
::1 - - [15/Oct/2019:15:04:07 +0200] "GET /mysql/phpmyadmin.css.php?nocache=5934733404ltr HTTP/1.1" 200 20076
::1 - - [15/Oct/2019:15:04:08 +0200] "GET /mysql/themes/pmahomme/img/left_nav_bg.png HTTP/1.1" 200 297
::1 - - [15/Oct/2019:15:04:08 +0200] "GET /mysql/version_check.php?server=1&_nocache=1571144648262332869 HTTP/1.1" 200 39
::1 - - [15/Oct/2019:15:04:08 +0200] "POST /mysql/db_structure.php?ajax_request=1&favorite_table=1&sync_favorite_tables=1&token=d11b603112c1e23ed2f9c275dd6e37a7 HTTP/1.1" 200 164
::1 - - [15/Oct/2019:15:05:46 +0200] "GET / HTTP/1.1" 200 1646
::1 - - [15/Oct/2019:15:05:46 +0200] "GET /?getimg=title HTTP/1.1" 200 6119
::1 - - [15/Oct/2019:15:05:46 +0200] "GET /?getimg=folder HTTP/1.1" 200 537
::1 - - [15/Oct/2019:15:05:46 +0200] "GET /?getimg=favicon HTTP/1.1" 200 5430
::1 - - [15/Oct/2019:15:05:48 +0200] "GET /td4 HTTP/1.1" 301 329
::1 - - [15/Oct/2019:15:05:48 +0200] "GET /td4/ HTTP/1.1" 200 4319
::1 - - [15/Oct/2019:15:05:48 +0200] "GET /td4/images/rechercher.png HTTP/1.1" 200 3469
::1 - - [15/Oct/2019:15:05:48 +0200] "GET /td4/images/loogo.png HTTP/1.1" 200 4059
::1 - - [15/Oct/2019:15:05:54 +0200] "GET /td4/css/cgu.css HTTP/1.1" 200 463
::1 - - [15/Oct/2019:15:05:54 +0200] "GET /td4/css/form.css HTTP/1.1" 200 299
::1 - - [15/Oct/2019:15:05:54 +0200] "GET /td4/css/corps.css HTTP/1.1" 200 1462
::1 - - [15/Oct/2019:15:05:54 +0200] "GET /td4/css/base.css HTTP/1.1" 200 4692
::1 - - [15/Oct/2019:15:05:54 +0200] "GET /favicon.ico HTTP/1.1" 404 309
::1 - - [15/Oct/2019:15:05:54 +0200] "GET /td4/images/profil.png HTTP/1.1" 200 2979
::1 - - [15/Oct/2019:15:25:09 +0200] "GET /td4/?action=detail&nSalle=s01 HTTP/1.1" 200 12347
::1 - - [15/Oct/2019:15:25:43 +0200] "GET /td4/ HTTP/1.1" 200 4298
::1 - - [15/Oct/2019:15:25:44 +0200] "GET /td4/ HTTP/1.1" 200 4298
::1 - - [15/Oct/2019:15:25:45 +0200] "GET /td4/css/base.css HTTP/1.1" 304 -
::1 - - [15/Oct/2019:15:25:45 +0200] "GET /td4/css/cgu.css HTTP/1.1" 304 -
::1 - - [15/Oct/2019:15:25:45 +0200] "GET /td4/css/form.css HTTP/1.1" 304 -
::1 - - [15/Oct/2019:15:25:45 +0200] "GET /td4/css/corps.css HTTP/1.1" 304 -
::1 - - [15/Oct/2019:15:25:45 +0200] "GET /td4/images/loogo.png HTTP/1.1" 304 -
::1 - - [15/Oct/2019:15:25:45 +0200] "GET /td4/images/rechercher.png HTTP/1.1" 304 -
::1 - - [15/Oct/2019:15:25:45 +0200] "GET /td4/images/profil.png HTTP/1.1" 304 -
::1 - - [15/Oct/2019:15:25:46 +0200] "GET /td4/?action=accueil HTTP/1.1" 200 4298
::1 - - [15/Oct/2019:15:25:50 +0200] "GET /td4/?action=detail&nSalle=s01 HTTP/1.1" 200 12326
::1 - - [15/Oct/2019:15:30:14 +0200] "GET /td4/?action=accueil HTTP/1.1" 200 4298
::1 - - [15/Oct/2019:15:30:17 +0200] "GET /td4/?action=accueil HTTP/1.1" 200 4298
::1 - - [15/Oct/2019:15:30:34 +0200] "GET /td4/?action=detail&nSalle=s01 HTTP/1.1" 200 12326
::1 - - [15/Oct/2019:15:33:58 +0200] "GET /td4/?action=accueil HTTP/1.1" 200 4298
::1 - - [15/Oct/2019:15:38:45 +0200] "GET /td4/?action=detail&nSalle=s01 HTTP/1.1" 200 88
::1 - - [15/Oct/2019:15:39:02 +0200] "GET / HTTP/1.1" 200 1646
::1 - - [15/Oct/2019:15:39:03 +0200] "GET /?getimg=title HTTP/1.1" 200 6119
::1 - - [15/Oct/2019:15:39:03 +0200] "GET /?getimg=folder HTTP/1.1" 200 537
::1 - - [15/Oct/2019:15:39:04 +0200] "GET /mysql/ HTTP/1.1" 200 3086
::1 - - [15/Oct/2019:15:39:06 +0200] "GET /mysql/themes/pmahomme/jquery/jquery-ui-1.11.2.css HTTP/1.1" 200 35212
::1 - - [15/Oct/2019:15:39:06 +0200] "GET /mysql/js/codemirror/lib/codemirror.css?v=4.5.4.1 HTTP/1.1" 200 7771
::1 - - [15/Oct/2019:15:39:06 +0200] "GET /mysql/js/codemirror/addon/hint/show-hint.css?v=4.5.4.1 HTTP/1.1" 200 662
::1 - - [15/Oct/2019:15:39:06 +0200] "GET /mysql/js/get_scripts.js.php?scripts%5B%5D=jquery/jquery-1.11.1.min.js&scripts%5B%5D=sprintf.js&scripts%5B%5D=ajax.js&scripts%5B%5D=keyhandler.js&scripts%5B%5D=jquery/jquery-ui-1.11.2.min.js&scripts%5B%5D=jquery/jquery.cookie.js&scripts%5B%5D=jquery/jquery.mousewheel.js&scripts%5B%5D=jquery/jquery.event.drag-2.2.js&scripts%5B%5D=jquery/jquery-ui-timepicker-addon.js&scripts%5B%5D=jquery/jquery.ba-hashchange-1.3.js&scripts%5B%5D=jquery/jquery.debounce-1.0.5.js&scripts%5B%5D=menu-resizer.js&scripts%5B%5D=cross_framing_protection.js&scripts%5B%5D=rte.js&scripts%5B%5D=tracekit/tracekit.js&scripts%5B%5D=error_report.js&scripts%5B%5D=doclinks.js&scripts%5B%5D=functions.js&scripts%5B%5D=navigation.js&scripts%5B%5D=indexes.js&v=4.5.4.1 HTTP/1.1" 200 216429
::1 - - [15/Oct/2019:15:39:06 +0200] "GET /mysql/js/get_scripts.js.php?scripts%5B%5D=common.js&scripts%5B%5D=config.js&scripts%5B%5D=page_settings.js&scripts%5B%5D=codemirror/lib/codemirror.js&scripts%5B%5D=codemirror/mode/sql/sql.js&scripts%5B%5D=codemirror/addon/runmode/runmode.js&scripts%5B%5D=codemirror/addon/hint/show-hint.js&scripts%5B%5D=codemirror/addon/hint/sql-hint.js&scripts%5B%5D=codemirror/addon/lint/lint.js&scripts%5B%5D=codemirror/addon/lint/sql-lint.js&scripts%5B%5D=console.js&v=4.5.4.1 HTTP/1.1" 200 129440
::1 - - [15/Oct/2019:15:39:07 +0200] "GET /mysql/js/messages.php?lang=fr&db=&collation_connection=utf8_unicode_ci&token=6a6a19f048e4aba537117bacef20ea3c&v=4.5.4.1 HTTP/1.1" 200 9507
::1 - - [15/Oct/2019:15:39:08 +0200] "GET /mysql/js/get_image.js.php?theme=pmahomme&v=4.5.4.1 HTTP/1.1" 200 1822
::1 - - [15/Oct/2019:15:39:10 +0200] "GET /mysql/themes/pmahomme/css/printview.css?v=4.5.4.1 HTTP/1.1" 200 3082
::1 - - [15/Oct/2019:15:39:10 +0200] "GET /mysql/js/codemirror/addon/lint/lint.css?v=4.5.4.1 HTTP/1.1" 200 3068
::1 - - [15/Oct/2019:15:39:10 +0200] "GET /mysql/js/whitelist.php?lang=fr&db=&collation_connection=utf8_unicode_ci&token=6a6a19f048e4aba537117bacef20ea3c&v=4.5.4.1 HTTP/1.1" 200 482
::1 - - [15/Oct/2019:15:39:10 +0200] "GET /mysql/phpmyadmin.css.php?nocache=4363588757ltr HTTP/1.1" 200 20076
::1 - - [15/Oct/2019:15:39:10 +0200] "GET /mysql/themes/pmahomme/img/logo_right.png HTTP/1.1" 200 4548
::1 - - [15/Oct/2019:15:39:10 +0200] "GET /mysql/themes/dot.gif HTTP/1.1" 200 43
::1 - - [15/Oct/2019:15:39:11 +0200] "GET /mysql/favicon.ico HTTP/1.1" 200 22486
::1 - - [15/Oct/2019:15:39:11 +0200] "GET /mysql/themes/pmahomme/img/sprites.png?v=4.5.4.1 HTTP/1.1" 200 46795
::1 - - [15/Oct/2019:15:39:14 +0200] "POST /mysql/index.php HTTP/1.1" 302 25
::1 - - [15/Oct/2019:15:39:15 +0200] "GET /mysql/index.php?token=6a6a19f048e4aba537117bacef20ea3c HTTP/1.1" 200 13431
::1 - - [15/Oct/2019:15:39:16 +0200] "GET /mysql/phpmyadmin.css.php?nocache=5934735512ltr HTTP/1.1" 200 20076
::1 - - [15/Oct/2019:15:39:16 +0200] "GET /mysql/js/whitelist.php?lang=fr&db=&token=6a6a19f048e4aba537117bacef20ea3c&v=4.5.4.1 HTTP/1.1" 200 482
::1 - - [15/Oct/2019:15:39:22 +0200] "GET /mysql/js/messages.php?lang=fr&db=&token=6a6a19f048e4aba537117bacef20ea3c&v=4.5.4.1 HTTP/1.1" 200 9507
::1 - - [15/Oct/2019:15:39:22 +0200] "GET /mysql/themes/pmahomme/img/logo_left.png HTTP/1.1" 200 2327
::1 - - [15/Oct/2019:15:39:22 +0200] "GET /mysql/themes/pmahomme/img/left_nav_bg.png HTTP/1.1" 200 297
::1 - - [15/Oct/2019:15:39:22 +0200] "GET /mysql/themes/pmahomme/img/s_collapseall.png HTTP/1.1" 200 170
::1 - - [15/Oct/2019:15:39:22 +0200] "GET /mysql/themes/pmahomme/img/ajax_clock_small.gif HTTP/1.1" 200 1810
::1 - - [15/Oct/2019:15:39:22 +0200] "POST /mysql/db_structure.php?ajax_request=1&favorite_table=1&sync_favorite_tables=1&token=6a6a19f048e4aba537117bacef20ea3c HTTP/1.1" 200 164
::1 - - [15/Oct/2019:15:39:22 +0200] "GET /mysql/version_check.php?server=1&_nocache=1571146762720999273 HTTP/1.1" 200 39
::1 - - [15/Oct/2019:15:39:54 +0200] "GET /td4/?action=accueil HTTP/1.1" 200 4298
::1 - - [15/Oct/2019:15:39:55 +0200] "GET /td4/?action=detail&nSalle=s01 HTTP/1.1" 200 1406
::1 - - [15/Oct/2019:15:39:55 +0200] "GET /td4/css/base.css HTTP/1.1" 304 -
::1 - - [15/Oct/2019:15:40:00 +0200] "GET /td4/css/cgu.css HTTP/1.1" 304 -
::1 - - [15/Oct/2019:15:40:00 +0200] "GET /td4/css/form.css HTTP/1.1" 304 -
::1 - - [15/Oct/2019:15:40:00 +0200] "GET /td4/css/corps.css HTTP/1.1" 304 -
::1 - - [15/Oct/2019:15:40:00 +0200] "GET /td4/images/loogo.png HTTP/1.1" 304 -
::1 - - [15/Oct/2019:15:40:21 +0200] "GET /mysql/navigation.php?ajax_request=1&token=6a6a19f048e4aba537117bacef20ea3c&aPath=cm9vdA%3D%3D.dGQ0&vPath=cm9vdA%3D%3D.dGQ0&pos=0&pos2_name=&pos2_value=&searchClause=&searchClause2=&_nocache=1571146816701706629 HTTP/1.1" 200 2033
::1 - - [15/Oct/2019:15:40:24 +0200] "GET /mysql/sql.php?server=1&db=td4&table=salle&pos=0&token=6a6a19f048e4aba537117bacef20ea3c&ajax_request=true&ajax_page_request=true&_nocache=1571146824066117331 HTTP/1.1" 200 8242
::1 - - [15/Oct/2019:15:40:25 +0200] "GET /mysql/themes/pmahomme/img/s_fulltext.png HTTP/1.1" 200 193
::1 - - [15/Oct/2019:15:40:25 +0200] "GET /mysql/js/get_scripts.js.php?scripts%5B%5D=jquery/jquery.uitablefilter.js&scripts%5B%5D=tbl_change.js&scripts%5B%5D=gis_data_editor.js&scripts%5B%5D=multi_column_sort.js&scripts%5B%5D=makegrid.js&scripts%5B%5D=sql.js&call_done=1&v=4.5.4.1 HTTP/1.1" 200 37074
::1 - - [15/Oct/2019:15:40:25 +0200] "GET /mysql/index.php?ajax_request=1&recent_table=1&token=6a6a19f048e4aba537117bacef20ea3c&no_debug=true&_nocache=1571146825659281067 HTTP/1.1" 200 1438
::1 - - [15/Oct/2019:15:40:29 +0200] "GET /mysql/themes/pmahomme/img/arrow_ltr.png HTTP/1.1" 200 139
::1 - - [15/Oct/2019:15:40:29 +0200] "GET /mysql/themes/pmahomme/img/col_drop.png HTTP/1.1" 200 132
::1 - - [15/Oct/2019:15:40:29 +0200] "GET /mysql/themes/pmahomme/img/col_pointer.png HTTP/1.1" 200 113
::1 - - [15/Oct/2019:15:40:29 +0200] "POST /mysql/navigation.php?ajax_request=1&token=6a6a19f048e4aba537117bacef20ea3c HTTP/1.1" 200 2695
::1 - - [15/Oct/2019:15:40:41 +0200] "GET /td4/?action=accueil HTTP/1.1" 200 4298
::1 - - [15/Oct/2019:15:40:45 +0200] "GET /td4/?action=detail&nSalle=s01 HTTP/1.1" 200 1406
::1 - - [15/Oct/2019:15:42:28 +0200] "GET /td4/?action=accueil HTTP/1.1" 200 4298
::1 - - [15/Oct/2019:15:42:28 +0200] "GET /td4/?action=detail&nSalle=s01 HTTP/1.1" 200 1444
::1 - - [15/Oct/2019:15:42:31 +0200] "GET /td4/?action=detail&nSalle=s01 HTTP/1.1" 200 1444
::1 - - [15/Oct/2019:15:42:31 +0200] "GET /td4/css/base.css HTTP/1.1" 304 -
::1 - - [15/Oct/2019:15:42:34 +0200] "GET /td4/css/cgu.css HTTP/1.1" 304 -
::1 - - [15/Oct/2019:15:42:34 +0200] "GET /td4/css/form.css HTTP/1.1" 304 -
::1 - - [15/Oct/2019:15:42:34 +0200] "GET /td4/css/corps.css HTTP/1.1" 304 -
::1 - - [15/Oct/2019:15:42:34 +0200] "GET /td4/images/loogo.png HTTP/1.1" 304 -
::1 - - [15/Oct/2019:15:42:34 +0200] "GET /td4/images/profil.png HTTP/1.1" 304 -
::1 - - [15/Oct/2019:15:42:34 +0200] "GET /td4/images/rechercher.png HTTP/1.1" 304 -
::1 - - [15/Oct/2019:15:44:14 +0200] "GET /td4/?action=accueil HTTP/1.1" 200 4298
::1 - - [15/Oct/2019:15:44:15 +0200] "GET /td4/?action=detail&nSalle=s01 HTTP/1.1" 200 1415
::1 - - [15/Oct/2019:15:44:20 +0200] "GET /td4/?action=accueil HTTP/1.1" 200 4298
::1 - - [15/Oct/2019:15:44:21 +0200] "GET /td4/?action=detail&nSalle=s01 HTTP/1.1" 200 1415
::1 - - [15/Oct/2019:15:44:22 +0200] "GET /td4/?action=accueil HTTP/1.1" 200 4298
::1 - - [15/Oct/2019:15:44:22 +0200] "GET /td4/?action=detail&nSalle=s01 HTTP/1.1" 200 1415
::1 - - [15/Oct/2019:15:44:23 +0200] "GET /td4/?action=detail&nSalle=s01 HTTP/1.1" 200 1415
::1 - - [15/Oct/2019:15:44:23 +0200] "GET /td4/css/base.css HTTP/1.1" 304 -
::1 - - [15/Oct/2019:15:44:25 +0200] "GET /td4/images/profil.png HTTP/1.1" 304 -
::1 - - [15/Oct/2019:15:44:25 +0200] "GET /td4/?action=accueil HTTP/1.1" 200 4298
::1 - - [15/Oct/2019:15:44:26 +0200] "GET /td4/css/form.css HTTP/1.1" 304 -
::1 - - [15/Oct/2019:15:44:26 +0200] "GET /td4/images/loogo.png HTTP/1.1" 304 -
::1 - - [15/Oct/2019:15:44:26 +0200] "GET /td4/css/corps.css HTTP/1.1" 304 -
::1 - - [15/Oct/2019:15:44:26 +0200] "GET /td4/css/cgu.css HTTP/1.1" 304 -
::1 - - [15/Oct/2019:15:44:26 +0200] "GET /td4/images/rechercher.png HTTP/1.1" 304 -
::1 - - [15/Oct/2019:15:44:27 +0200] "GET /td4/?action=detail&nSalle=s02 HTTP/1.1" 200 1415
::1 - - [15/Oct/2019:15:44:27 +0200] "GET /td4/?action=accueil HTTP/1.1" 200 4298
::1 - - [15/Oct/2019:15:44:28 +0200] "GET /td4/?action=detail&nSalle=s01 HTTP/1.1" 200 1415
::1 - - [15/Oct/2019:15:44:29 +0200] "GET /td4/?action=accueil HTTP/1.1" 200 4298
::1 - - [15/Oct/2019:15:48:52 +0200] "GET /td4/?action=detail&nSalle=s01 HTTP/1.1" 200 1418
::1 - - [15/Oct/2019:15:48:52 +0200] "GET /td4/?action=detail&nSalle=s01 HTTP/1.1" 200 1418
::1 - - [15/Oct/2019:15:48:52 +0200] "GET /td4/?action=detail&nSalle=s01 HTTP/1.1" 200 1418
::1 - - [15/Oct/2019:15:49:10 +0200] "GET /td4/?action=detail&nSalle=s01 HTTP/1.1" 200 1422
::1 - - [15/Oct/2019:15:49:10 +0200] "GET /td4/css/base.css HTTP/1.1" 304 -
::1 - - [15/Oct/2019:15:49:10 +0200] "GET /td4/css/cgu.css HTTP/1.1" 304 -
::1 - - [15/Oct/2019:15:49:10 +0200] "GET /td4/css/form.css HTTP/1.1" 304 -
::1 - - [15/Oct/2019:15:49:10 +0200] "GET /td4/css/corps.css HTTP/1.1" 304 -
::1 - - [15/Oct/2019:15:49:10 +0200] "GET /td4/images/profil.png HTTP/1.1" 304 -
::1 - - [15/Oct/2019:15:49:10 +0200] "GET /td4/images/rechercher.png HTTP/1.1" 304 -
::1 - - [15/Oct/2019:15:49:10 +0200] "GET /td4/images/loogo.png HTTP/1.1" 304 -
::1 - - [15/Oct/2019:15:49:28 +0200] "GET /td4/?action=detail&nSalle=s01 HTTP/1.1" 200 1437
::1 - - [15/Oct/2019:15:49:28 +0200] "GET /td4/css/base.css HTTP/1.1" 304 -
::1 - - [15/Oct/2019:15:49:28 +0200] "GET /td4/css/cgu.css HTTP/1.1" 304 -
::1 - - [15/Oct/2019:15:49:28 +0200] "GET /td4/css/corps.css HTTP/1.1" 304 -
::1 - - [15/Oct/2019:15:49:28 +0200] "GET /td4/css/form.css HTTP/1.1" 304 -
::1 - - [15/Oct/2019:15:49:28 +0200] "GET /td4/images/loogo.png HTTP/1.1" 304 -
::1 - - [15/Oct/2019:15:49:28 +0200] "GET /td4/images/profil.png HTTP/1.1" 304 -
::1 - - [15/Oct/2019:15:49:28 +0200] "GET /td4/images/rechercher.png HTTP/1.1" 304 -
::1 - - [15/Oct/2019:15:51:09 +0200] "GET /td4/?action=detail&nSalle=s01 HTTP/1.1" 200 1495
::1 - - [15/Oct/2019:15:51:09 +0200] "GET /td4/css/base.css HTTP/1.1" 304 -
::1 - - [15/Oct/2019:15:51:11 +0200] "GET /td4/images/profil.png HTTP/1.1" 304 -
::1 - - [15/Oct/2019:15:51:11 +0200] "GET /td4/images/rechercher.png HTTP/1.1" 304 -
::1 - - [15/Oct/2019:15:51:11 +0200] "GET /td4/css/corps.css HTTP/1.1" 304 -
::1 - - [15/Oct/2019:15:51:11 +0200] "GET /td4/images/loogo.png HTTP/1.1" 304 -
::1 - - [15/Oct/2019:15:51:11 +0200] "GET /td4/css/form.css HTTP/1.1" 304 -
::1 - - [15/Oct/2019:15:51:11 +0200] "GET /td4/css/cgu.css HTTP/1.1" 304 -
::1 - - [15/Oct/2019:15:51:11 +0200] "GET /td4/?action=accueil HTTP/1.1" 200 4298
::1 - - [15/Oct/2019:15:51:12 +0200] "GET /td4/?action=detail&nSalle=s01 HTTP/1.1" 200 1495
::1 - - [15/Oct/2019:15:51:26 +0200] "GET /td4/?action=accueil HTTP/1.1" 200 4298
::1 - - [15/Oct/2019:15:51:27 +0200] "GET /td4/?action=detail&nSalle=s01 HTTP/1.1" 200 1497
::1 - - [15/Oct/2019:15:52:12 +0200] "GET /td4/?action=detail&nSalle=s01 HTTP/1.1" 200 1499
::1 - - [15/Oct/2019:15:52:12 +0200] "GET /td4/css/base.css HTTP/1.1" 304 -
::1 - - [15/Oct/2019:15:52:12 +0200] "GET /td4/css/form.css HTTP/1.1" 304 -
::1 - - [15/Oct/2019:15:52:15 +0200] "GET /td4/images/profil.png HTTP/1.1" 304 -
::1 - - [15/Oct/2019:15:52:15 +0200] "GET /td4/images/rechercher.png HTTP/1.1" 304 -
::1 - - [15/Oct/2019:15:52:15 +0200] "GET /td4/css/cgu.css HTTP/1.1" 304 -
::1 - - [15/Oct/2019:15:52:15 +0200] "GET /td4/css/corps.css HTTP/1.1" 304 -
::1 - - [15/Oct/2019:15:52:15 +0200] "GET /td4/images/loogo.png HTTP/1.1" 304 -
::1 - - [15/Oct/2019:15:52:15 +0200] "GET /td4/?action=accueil HTTP/1.1" 200 4298
::1 - - [15/Oct/2019:15:52:16 +0200] "GET /td4/?action=detail&nSalle=s01 HTTP/1.1" 200 1499
::1 - - [15/Oct/2019:15:52:35 +0200] "GET /td4/?action=accueil HTTP/1.1" 200 4298
::1 - - [15/Oct/2019:15:52:37 +0200] "GET /td4/?action=detail&nSalle=s01 HTTP/1.1" 200 1499
::1 - - [15/Oct/2019:15:52:45 +0200] "GET /td4/?action=accueil HTTP/1.1" 200 4298
::1 - - [15/Oct/2019:15:52:46 +0200] "GET /td4/?action=detail&nSalle=s01 HTTP/1.1" 200 1499
::1 - - [15/Oct/2019:15:52:54 +0200] "GET /td4/?action=detail&nSalle=s01 HTTP/1.1" 200 1499
::1 - - [15/Oct/2019:15:52:54 +0200] "GET /td4/css/base.css HTTP/1.1" 304 -
::1 - - [15/Oct/2019:15:52:57 +0200] "GET /td4/images/profil.png HTTP/1.1" 304 -
::1 - - [15/Oct/2019:15:52:57 +0200] "GET /td4/images/rechercher.png HTTP/1.1" 304 -
::1 - - [15/Oct/2019:15:52:57 +0200] "GET /td4/images/loogo.png HTTP/1.1" 304 -
::1 - - [15/Oct/2019:15:52:57 +0200] "GET /td4/css/corps.css HTTP/1.1" 304 -
::1 - - [15/Oct/2019:15:52:57 +0200] "GET /td4/css/form.css HTTP/1.1" 304 -
::1 - - [15/Oct/2019:15:52:57 +0200] "GET /td4/css/cgu.css HTTP/1.1" 304 -
::1 - - [15/Oct/2019:15:52:57 +0200] "GET /td4/?action=accueil HTTP/1.1" 200 4298
::1 - - [15/Oct/2019:15:52:59 +0200] "GET /td4/?action=detail&nSalle=s01 HTTP/1.1" 200 1499
::1 - - [15/Oct/2019:15:54:14 +0200] "GET /td4/?action=accueil HTTP/1.1" 200 4298
::1 - - [15/Oct/2019:15:54:15 +0200] "GET /td4/?action=detail&nSalle=s01 HTTP/1.1" 200 1525
::1 - - [15/Oct/2019:15:57:21 +0200] "GET /td4/?action=detail&nSalle=s01 HTTP/1.1" 200 2839
::1 - - [15/Oct/2019:15:57:21 +0200] "GET /td4/css/base.css HTTP/1.1" 304 -
::1 - - [15/Oct/2019:15:57:21 +0200] "GET /td4/css/form.css HTTP/1.1" 304 -
::1 - - [15/Oct/2019:15:57:21 +0200] "GET /td4/css/cgu.css HTTP/1.1" 304 -
::1 - - [15/Oct/2019:15:57:21 +0200] "GET /td4/css/corps.css HTTP/1.1" 304 -
::1 - - [15/Oct/2019:15:57:21 +0200] "GET /td4/images/loogo.png HTTP/1.1" 304 -
::1 - - [15/Oct/2019:15:57:21 +0200] "GET /td4/images/profil.png HTTP/1.1" 304 -
::1 - - [15/Oct/2019:15:57:21 +0200] "GET /td4/images/rechercher.png HTTP/1.1" 304 -
::1 - - [15/Oct/2019:15:57:42 +0200] "GET /td4/?action=accueil HTTP/1.1" 200 4298
::1 - - [15/Oct/2019:15:57:43 +0200] "GET /td4/?action=detail&nSalle=s01 HTTP/1.1" 200 2839
::1 - - [15/Oct/2019:15:58:01 +0200] "GET /td4/?action=accueil HTTP/1.1" 200 4298
::1 - - [15/Oct/2019:15:58:02 +0200] "GET /td4/?action=detail&nSalle=s01 HTTP/1.1" 200 2839
::1 - - [15/Oct/2019:15:58:37 +0200] "GET /td4/?action=accueil HTTP/1.1" 200 4298
::1 - - [15/Oct/2019:15:58:37 +0200] "GET /td4/?action=detail&nSalle=s01 HTTP/1.1" 200 2839
::1 - - [15/Oct/2019:15:59:11 +0200] "GET /mysql/sql.php?server=1&db=td4&table=poste&pos=0&token=6a6a19f048e4aba537117bacef20ea3c&ajax_request=true&ajax_page_request=true&_nocache=1571147946822614223 HTTP/1.1" 200 8884
::1 - - [15/Oct/2019:15:59:12 +0200] "GET /mysql/index.php?ajax_request=1&recent_table=1&token=6a6a19f048e4aba537117bacef20ea3c&no_debug=true&_nocache=157114795238394554 HTTP/1.1" 200 1447
::1 - - [15/Oct/2019:15:59:12 +0200] "POST /mysql/navigation.php?ajax_request=1&token=6a6a19f048e4aba537117bacef20ea3c HTTP/1.1" 200 2705
::1 - - [15/Oct/2019:15:59:20 +0200] "GET /mysql/sql.php?db=td4&table=poste&sql_query=SELECT+%2A+FROM+%60poste%60++%0AORDER+BY+%60poste%60.%60nSalle%60+ASC&session_max_rows=25&is_browse_distinct=0&token=6a6a19f048e4aba537117bacef20ea3c&ajax_request=true&ajax_page_request=true&_nocache=1571147960750423778 HTTP/1.1" 200 9219
::1 - - [15/Oct/2019:15:59:21 +0200] "GET /mysql/index.php?ajax_request=1&recent_table=1&token=6a6a19f048e4aba537117bacef20ea3c&no_debug=true&_nocache=1571147961421571438 HTTP/1.1" 200 1447
::1 - - [15/Oct/2019:15:59:22 +0200] "POST /mysql/sql.php HTTP/1.1" 200 4115
::1 - - [15/Oct/2019:15:59:26 +0200] "POST /mysql/sql.php HTTP/1.1" 200 4115
::1 - - [15/Oct/2019:15:59:28 +0200] "GET /mysql/sql.php?db=td4&table=poste&sql_query=SELECT+%2A+FROM+%60poste%60++%0AORDER+BY+%60poste%60.%60nSalle%60++DESC&session_max_rows=25&is_browse_distinct=0&token=6a6a19f048e4aba537117bacef20ea3c&ajax_request=true&ajax_page_request=true&_nocache=1571147968495721412 HTTP/1.1" 200 9251
::1 - - [15/Oct/2019:15:59:29 +0200] "GET /mysql/index.php?ajax_request=1&recent_table=1&token=6a6a19f048e4aba537117bacef20ea3c&no_debug=true&_nocache=1571147969120733274 HTTP/1.1" 200 1447
::1 - - [15/Oct/2019:15:59:30 +0200] "GET /mysql/sql.php?db=td4&table=poste&sql_query=SELECT+%2A+FROM+%60poste%60++%0AORDER+BY+%60poste%60.%60nSalle%60++ASC&session_max_rows=25&is_browse_distinct=0&token=6a6a19f048e4aba537117bacef20ea3c&ajax_request=true&ajax_page_request=true&_nocache=1571147970552719319 HTTP/1.1" 200 9251
::1 - - [15/Oct/2019:15:59:31 +0200] "GET /mysql/index.php?ajax_request=1&recent_table=1&token=6a6a19f048e4aba537117bacef20ea3c&no_debug=true&_nocache=1571147971200650023 HTTP/1.1" 200 1447
::1 - - [15/Oct/2019:15:59:32 +0200] "POST /mysql/sql.php HTTP/1.1" 200 4115
::1 - - [15/Oct/2019:16:01:20 +0200] "GET /td4/?action=accueil HTTP/1.1" 200 4298
::1 - - [15/Oct/2019:16:01:21 +0200] "GET /td4/?action=detail&nSalle=s01 HTTP/1.1" 200 2839
::1 - - [15/Oct/2019:16:03:36 +0200] "GET /mysql/sql.php?server=1&db=td4&table=salle&pos=0&token=6a6a19f048e4aba537117bacef20ea3c&ajax_request=true&ajax_page_request=true&_nocache=1571148211216701714 HTTP/1.1" 200 8239
::1 - - [15/Oct/2019:16:03:36 +0200] "GET /mysql/index.php?ajax_request=1&recent_table=1&token=6a6a19f048e4aba537117bacef20ea3c&no_debug=true&_nocache=1571148216713329405 HTTP/1.1" 200 1447
::1 - - [15/Oct/2019:16:03:36 +0200] "POST /mysql/navigation.php?ajax_request=1&token=6a6a19f048e4aba537117bacef20ea3c HTTP/1.1" 200 2705
::1 - - [15/Oct/2019:16:03:40 +0200] "GET /mysql/sql.php?server=1&db=td4&table=poste&pos=0&token=6a6a19f048e4aba537117bacef20ea3c&ajax_request=true&ajax_page_request=true&_nocache=1571148220120271611 HTTP/1.1" 200 9119
::1 - - [15/Oct/2019:16:03:40 +0200] "GET /mysql/index.php?ajax_request=1&recent_table=1&token=6a6a19f048e4aba537117bacef20ea3c&no_debug=true&_nocache=157114822076134078 HTTP/1.1" 200 1447
::1 - - [15/Oct/2019:16:03:40 +0200] "POST /mysql/navigation.php?ajax_request=1&token=6a6a19f048e4aba537117bacef20ea3c HTTP/1.1" 200 2705
::1 - - [15/Oct/2019:16:04:11 +0200] "GET /td4/?action=accueil HTTP/1.1" 200 4298
::1 - - [15/Oct/2019:16:04:12 +0200] "GET /td4/?action=detail&nSalle=s01 HTTP/1.1" 200 6058
::1 - - [15/Oct/2019:16:05:17 +0200] "GET /td4/?action=accueil HTTP/1.1" 200 4298
::1 - - [15/Oct/2019:16:05:18 +0200] "GET /td4/?action=detail&nSalle=s01 HTTP/1.1" 200 2839
::1 - - [15/Oct/2019:16:06:03 +0200] "GET /td4/?action=accueil HTTP/1.1" 200 4298
::1 - - [15/Oct/2019:16:06:04 +0200] "GET /td4/?action=detail&nSalle=s01 HTTP/1.1" 200 2839
::1 - - [15/Oct/2019:16:06:04 +0200] "GET /td4/css/corps.css HTTP/1.1" 304 -
::1 - - [15/Oct/2019:16:07:13 +0200] "GET /td4/?action=accueil HTTP/1.1" 200 4298
::1 - - [15/Oct/2019:16:07:13 +0200] "GET /td4/?action=detail&nSalle=s01 HTTP/1.1" 200 2839
::1 - - [15/Oct/2019:16:07:16 +0200] "GET /td4/?action=accueil HTTP/1.1" 200 4298
::1 - - [15/Oct/2019:16:07:34 +0200] "GET /td4/?action=accueil HTTP/1.1" 200 4298
::1 - - [15/Oct/2019:16:07:34 +0200] "GET /td4/css/base.css HTTP/1.1" 304 -
::1 - - [15/Oct/2019:16:07:34 +0200] "GET /td4/css/form.css HTTP/1.1" 304 -
::1 - - [15/Oct/2019:16:07:40 +0200] "GET /td4/css/corps.css HTTP/1.1" 304 -
::1 - - [15/Oct/2019:16:07:40 +0200] "GET /td4/css/cgu.css HTTP/1.1" 304 -
::1 - - [15/Oct/2019:16:07:40 +0200] "GET /td4/images/rechercher.png HTTP/1.1" 304 -
::1 - - [15/Oct/2019:16:07:40 +0200] "GET /td4/images/loogo.png HTTP/1.1" 304 -
::1 - - [15/Oct/2019:16:07:40 +0200] "GET /td4/images/profil.png HTTP/1.1" 304 -
::1 - - [15/Oct/2019:16:07:42 +0200] "GET /td4/?action=detail&nSalle=s01 HTTP/1.1" 200 2839
::1 - - [15/Oct/2019:16:09:06 +0200] "GET /td4/?action=detail&nSalle=s01 HTTP/1.1" 200 2839
::1 - - [15/Oct/2019:16:09:06 +0200] "GET /td4/css/base.css HTTP/1.1" 200 4692
::1 - - [15/Oct/2019:16:09:10 +0200] "GET /td4/images/profil.png HTTP/1.1" 200 2979
::1 - - [15/Oct/2019:16:09:10 +0200] "GET /td4/css/cgu.css HTTP/1.1" 200 463
::1 - - [15/Oct/2019:16:09:10 +0200] "GET /td4/css/corps.css HTTP/1.1" 200 1462
::1 - - [15/Oct/2019:16:09:10 +0200] "GET /td4/css/form.css HTTP/1.1" 200 299
::1 - - [15/Oct/2019:16:09:10 +0200] "GET /td4/images/loogo.png HTTP/1.1" 200 4059
::1 - - [15/Oct/2019:16:09:10 +0200] "GET /td4/images/rechercher.png HTTP/1.1" 200 3469
::1 - - [15/Oct/2019:16:09:10 +0200] "GET /td4/?action=accueil HTTP/1.1" 200 4298
::1 - - [15/Oct/2019:16:09:10 +0200] "GET /td4/css/form.css HTTP/1.1" 200 299
::1 - - [15/Oct/2019:16:09:10 +0200] "GET /td4/css/corps.css HTTP/1.1" 200 1462
::1 - - [15/Oct/2019:16:09:10 +0200] "GET /td4/css/cgu.css HTTP/1.1" 200 463
::1 - - [15/Oct/2019:16:09:10 +0200] "GET /favicon.ico HTTP/1.1" 404 309
::1 - - [15/Oct/2019:16:09:12 +0200] "GET /td4/?action=detail&nSalle=s01 HTTP/1.1" 200 2839
::1 - - [15/Oct/2019:16:09:25 +0200] "GET /td4/?action=detail&nSalle=s01 HTTP/1.1" 200 2839
::1 - - [15/Oct/2019:16:09:25 +0200] "GET /td4/css/base.css HTTP/1.1" 304 -
::1 - - [15/Oct/2019:16:09:26 +0200] "GET /td4/images/profil.png HTTP/1.1" 304 -
::1 - - [15/Oct/2019:16:09:26 +0200] "GET /td4/images/loogo.png HTTP/1.1" 304 -
::1 - - [15/Oct/2019:16:09:26 +0200] "GET /td4/css/form.css HTTP/1.1" 304 -
::1 - - [15/Oct/2019:16:09:26 +0200] "GET /td4/images/rechercher.png HTTP/1.1" 304 -
::1 - - [15/Oct/2019:16:09:26 +0200] "GET /td4/css/corps.css HTTP/1.1" 304 -
::1 - - [15/Oct/2019:16:09:26 +0200] "GET /td4/css/cgu.css HTTP/1.1" 304 -
::1 - - [15/Oct/2019:16:09:26 +0200] "GET /td4/?action=accueil HTTP/1.1" 200 4298
::1 - - [15/Oct/2019:16:09:27 +0200] "GET /td4/?action=detail&nSalle=s01 HTTP/1.1" 200 2839
::1 - - [15/Oct/2019:16:09:36 +0200] "GET /td4/?action=detail&nSalle=s01 HTTP/1.1" 200 2839
::1 - - [15/Oct/2019:16:09:36 +0200] "GET /td4/css/base.css HTTP/1.1" 304 -
::1 - - [15/Oct/2019:16:09:37 +0200] "GET /td4/images/profil.png HTTP/1.1" 304 -
::1 - - [15/Oct/2019:16:09:37 +0200] "GET /td4/css/corps.css HTTP/1.1" 304 -
::1 - - [15/Oct/2019:16:09:37 +0200] "GET /td4/images/rechercher.png HTTP/1.1" 304 -
::1 - - [15/Oct/2019:16:09:37 +0200] "GET /td4/css/cgu.css HTTP/1.1" 304 -
::1 - - [15/Oct/2019:16:09:37 +0200] "GET /td4/images/loogo.png HTTP/1.1" 304 -
::1 - - [15/Oct/2019:16:09:37 +0200] "GET /td4/css/form.css HTTP/1.1" 304 -
::1 - - [15/Oct/2019:16:09:37 +0200] "GET /td4/?action=accueil HTTP/1.1" 200 4298
::1 - - [15/Oct/2019:16:09:39 +0200] "GET /td4/?action=detail&nSalle=s02 HTTP/1.1" 200 2839
::1 - - [15/Oct/2019:16:09:40 +0200] "GET /td4/?action=accueil HTTP/1.1" 200 4298
::1 - - [15/Oct/2019:16:09:41 +0200] "GET /td4/?action=detail&nSalle=s01 HTTP/1.1" 200 2839
::1 - - [15/Oct/2019:16:11:12 +0200] "GET /td4/?action=accueil HTTP/1.1" 200 4298
::1 - - [15/Oct/2019:16:11:13 +0200] "GET /td4/?action=detail&nSalle=s01 HTTP/1.1" 200 12907
::1 - - [15/Oct/2019:16:11:44 +0200] "GET /td4/?action=detail&nSalle=s01 HTTP/1.1" 200 12906
::1 - - [15/Oct/2019:16:11:44 +0200] "GET /td4/css/base.css HTTP/1.1" 304 -
::1 - - [15/Oct/2019:16:11:45 +0200] "GET /td4/images/loogo.png HTTP/1.1" 304 -
::1 - - [15/Oct/2019:16:11:45 +0200] "GET /td4/css/corps.css HTTP/1.1" 304 -
::1 - - [15/Oct/2019:16:11:45 +0200] "GET /td4/images/profil.png HTTP/1.1" 304 -
::1 - - [15/Oct/2019:16:11:45 +0200] "GET /td4/images/rechercher.png HTTP/1.1" 304 -
::1 - - [15/Oct/2019:16:11:45 +0200] "GET /td4/css/cgu.css HTTP/1.1" 304 -
::1 - - [15/Oct/2019:16:11:45 +0200] "GET /td4/css/form.css HTTP/1.1" 304 -
::1 - - [15/Oct/2019:16:11:45 +0200] "GET /td4/?action=accueil HTTP/1.1" 200 4298
::1 - - [15/Oct/2019:16:11:46 +0200] "GET /td4/?action=detail&nSalle=s01 HTTP/1.1" 200 12906
::1 - - [15/Oct/2019:16:12:08 +0200] "GET /td4/?action=accueil HTTP/1.1" 200 4298
::1 - - [15/Oct/2019:16:12:08 +0200] "GET /td4/?action=detail&nSalle=s01 HTTP/1.1" 200 12908
::1 - - [15/Oct/2019:16:13:14 +0200] "GET /td4/?action=accueil HTTP/1.1" 200 4298
::1 - - [15/Oct/2019:16:13:15 +0200] "GET /td4/?action=detail&nSalle=s01 HTTP/1.1" 200 12908
::1 - - [15/Oct/2019:16:14:58 +0200] "GET /td4/?action=accueil HTTP/1.1" 200 4298
::1 - - [15/Oct/2019:16:14:59 +0200] "GET /td4/?action=detail&nSalle=s01 HTTP/1.1" 200 12908
::1 - - [15/Oct/2019:16:15:08 +0200] "GET /td4/?action=accueil HTTP/1.1" 200 4298
::1 - - [15/Oct/2019:16:15:09 +0200] "GET /td4/?action=detail&nSalle=s01 HTTP/1.1" 200 12912
::1 - - [15/Oct/2019:16:16:11 +0200] "GET /td4/?action=accueil HTTP/1.1" 200 4298
::1 - - [15/Oct/2019:16:16:11 +0200] "GET /td4/?action=detail&nSalle=s01 HTTP/1.1" 200 2381
::1 - - [15/Oct/2019:16:16:52 +0200] "GET /td4/?action=detail&nSalle=s01 HTTP/1.1" 200 2408
::1 - - [15/Oct/2019:16:16:52 +0200] "GET /td4/css/base.css HTTP/1.1" 304 -
::1 - - [15/Oct/2019:16:16:53 +0200] "GET /td4/images/loogo.png HTTP/1.1" 304 -
::1 - - [15/Oct/2019:16:16:53 +0200] "GET /td4/css/corps.css HTTP/1.1" 304 -
::1 - - [15/Oct/2019:16:16:53 +0200] "GET /td4/images/profil.png HTTP/1.1" 304 -
::1 - - [15/Oct/2019:16:16:53 +0200] "GET /td4/images/rechercher.png HTTP/1.1" 304 -
::1 - - [15/Oct/2019:16:16:53 +0200] "GET /td4/css/cgu.css HTTP/1.1" 304 -
::1 - - [15/Oct/2019:16:16:53 +0200] "GET /td4/css/form.css HTTP/1.1" 304 -
::1 - - [15/Oct/2019:16:16:53 +0200] "GET /td4/?action=accueil HTTP/1.1" 200 4298
::1 - - [15/Oct/2019:16:16:53 +0200] "GET /td4/?action=detail&nSalle=s01 HTTP/1.1" 200 2408
::1 - - [15/Oct/2019:16:17:12 +0200] "GET /td4/?action=detail&nSalle=s01 HTTP/1.1" 200 2408
::1 - - [15/Oct/2019:16:17:12 +0200] "GET /td4/css/base.css HTTP/1.1" 304 -
::1 - - [15/Oct/2019:16:17:12 +0200] "GET /td4/css/corps.css HTTP/1.1" 304 -
::1 - - [15/Oct/2019:16:17:12 +0200] "GET /td4/css/form.css HTTP/1.1" 304 -
::1 - - [15/Oct/2019:16:17:12 +0200] "GET /td4/css/cgu.css HTTP/1.1" 304 -
::1 - - [15/Oct/2019:16:17:12 +0200] "GET /td4/images/rechercher.png HTTP/1.1" 304 -
::1 - - [15/Oct/2019:16:17:12 +0200] "GET /td4/images/loogo.png HTTP/1.1" 304 -
::1 - - [15/Oct/2019:16:17:12 +0200] "GET /td4/images/profil.png HTTP/1.1" 304 -
::1 - - [15/Oct/2019:16:17:47 +0200] "GET /td4/?action=detail&nSalle=s01 HTTP/1.1" 200 2439
::1 - - [15/Oct/2019:16:17:48 +0200] "GET /td4/css/base.css HTTP/1.1" 304 -
::1 - - [15/Oct/2019:16:17:48 +0200] "GET /td4/css/form.css HTTP/1.1" 304 -
::1 - - [15/Oct/2019:16:17:48 +0200] "GET /td4/css/cgu.css HTTP/1.1" 304 -
::1 - - [15/Oct/2019:16:17:48 +0200] "GET /td4/css/corps.css HTTP/1.1" 304 -
::1 - - [15/Oct/2019:16:17:48 +0200] "GET /td4/images/rechercher.png HTTP/1.1" 304 -
::1 - - [15/Oct/2019:16:17:53 +0200] "GET /td4/images/profil.png HTTP/1.1" 304 -
::1 - - [15/Oct/2019:16:17:53 +0200] "GET /td4/images/loogo.png HTTP/1.1" 304 -
::1 - - [15/Oct/2019:16:18:17 +0200] "GET /td4/?action=accueil HTTP/1.1" 200 4298
::1 - - [15/Oct/2019:16:18:18 +0200] "GET /td4/?action=detail&nSalle=s01 HTTP/1.1" 200 2409
::1 - - [15/Oct/2019:16:18:30 +0200] "GET /td4/?action=accueil HTTP/1.1" 200 4298
::1 - - [15/Oct/2019:16:18:30 +0200] "GET /td4/?action=accueil HTTP/1.1" 200 4298
::1 - - [15/Oct/2019:16:18:30 +0200] "GET /td4/?action=accueil HTTP/1.1" 200 4298
::1 - - [15/Oct/2019:16:18:31 +0200] "GET /td4/?action=detail&nSalle=s02 HTTP/1.1" 200 2114
::1 - - [15/Oct/2019:16:18:33 +0200] "GET /td4/?action=accueil HTTP/1.1" 200 4298
::1 - - [15/Oct/2019:16:18:34 +0200] "GET /td4/?action=detail&nSalle=s03 HTTP/1.1" 200 2114
::1 - - [15/Oct/2019:16:18:35 +0200] "GET /td4/?action=accueil HTTP/1.1" 200 4298
::1 - - [15/Oct/2019:16:18:36 +0200] "GET /td4/?action=detail&nSalle=s11 HTTP/1.1" 200 2115
::1 - - [15/Oct/2019:16:18:36 +0200] "GET /td4/?action=accueil HTTP/1.1" 200 4298
::1 - - [15/Oct/2019:16:18:37 +0200] "GET /td4/?action=detail&nSalle=s12 HTTP/1.1" 200 1821
::1 - - [15/Oct/2019:16:18:39 +0200] "GET /td4/?action=accueil HTTP/1.1" 200 4298
::1 - - [15/Oct/2019:16:18:41 +0200] "GET /td4/?action=detail&nSalle=s21 HTTP/1.1" 200 2117
::1 - - [15/Oct/2019:16:18:42 +0200] "GET /td4/?action=accueil HTTP/1.1" 200 4298
::1 - - [15/Oct/2019:16:18:44 +0200] "GET /td4/?action=detail&nSalle=s22 HTTP/1.1" 200 3305
::1 - - [15/Oct/2019:16:18:47 +0200] "GET /td4/?action=accueil HTTP/1.1" 200 4298
::1 - - [15/Oct/2019:16:18:48 +0200] "GET /td4/?action=detail&nSalle=s21 HTTP/1.1" 200 2117
::1 - - [15/Oct/2019:16:18:49 +0200] "GET /td4/?action=accueil HTTP/1.1" 200 4298
::1 - - [15/Oct/2019:16:18:50 +0200] "GET /td4/?action=detail&nSalle=s22 HTTP/1.1" 200 3305
::1 - - [15/Oct/2019:16:18:51 +0200] "GET /td4/?action=accueil HTTP/1.1" 200 4298
::1 - - [15/Oct/2019:16:18:55 +0200] "GET /td4/?action=detail&nSalle=s23 HTTP/1.1" 200 3305
::1 - - [15/Oct/2019:16:18:56 +0200] "GET /td4/?action=accueil HTTP/1.1" 200 4298
::1 - - [15/Oct/2019:16:20:03 +0200] "GET /td4/?action=accueil HTTP/1.1" 200 4298
::1 - - [15/Oct/2019:16:20:03 +0200] "GET /td4/css/base.css HTTP/1.1" 304 -
::1 - - [15/Oct/2019:16:20:03 +0200] "GET /td4/css/cgu.css HTTP/1.1" 304 -
::1 - - [15/Oct/2019:16:20:03 +0200] "GET /td4/css/form.css HTTP/1.1" 304 -
::1 - - [15/Oct/2019:16:20:08 +0200] "GET /td4/css/corps.css HTTP/1.1" 304 -
::1 - - [15/Oct/2019:16:20:08 +0200] "GET /td4/images/loogo.png HTTP/1.1" 304 -
::1 - - [15/Oct/2019:16:20:08 +0200] "GET /td4/images/rechercher.png HTTP/1.1" 304 -
::1 - - [15/Oct/2019:16:20:08 +0200] "GET /td4/images/profil.png HTTP/1.1" 304 -
::1 - - [15/Oct/2019:16:20:10 +0200] "GET /td4/?action=detail&nSalle=s22 HTTP/1.1" 200 1525
::1 - - [15/Oct/2019:16:21:38 +0200] "GET /td4/?action=detail&nSalle=s22 HTTP/1.1" 200 1525
::1 - - [15/Oct/2019:16:21:38 +0200] "GET /td4/css/base.css HTTP/1.1" 304 -
::1 - - [15/Oct/2019:16:21:38 +0200] "GET /td4/css/corps.css HTTP/1.1" 304 -
::1 - - [15/Oct/2019:16:21:38 +0200] "GET /td4/css/cgu.css HTTP/1.1" 304 -
::1 - - [15/Oct/2019:16:21:38 +0200] "GET /td4/css/form.css HTTP/1.1" 304 -
::1 - - [15/Oct/2019:16:21:38 +0200] "GET /td4/images/profil.png HTTP/1.1" 304 -
::1 - - [15/Oct/2019:16:21:38 +0200] "GET /td4/images/rechercher.png HTTP/1.1" 304 -
::1 - - [15/Oct/2019:16:21:38 +0200] "GET /td4/images/loogo.png HTTP/1.1" 200 4927
::1 - - [15/Oct/2019:16:22:50 +0200] "GET /td4/?action=accueil HTTP/1.1" 200 4298
::1 - - [15/Oct/2019:16:22:51 +0200] "GET /td4/?action=accueil HTTP/1.1" 200 4298
::1 - - [15/Oct/2019:16:22:51 +0200] "GET /td4/css/base.css HTTP/1.1" 200 4707
::1 - - [15/Oct/2019:16:22:57 +0200] "GET /td4/css/corps.css HTTP/1.1" 304 -
::1 - - [15/Oct/2019:16:22:57 +0200] "GET /td4/css/form.css HTTP/1.1" 304 -
::1 - - [15/Oct/2019:16:22:57 +0200] "GET /td4/css/cgu.css HTTP/1.1" 304 -
::1 - - [15/Oct/2019:16:22:57 +0200] "GET /td4/images/rechercher.png HTTP/1.1" 304 -
::1 - - [15/Oct/2019:16:22:57 +0200] "GET /td4/images/loogo.png HTTP/1.1" 304 -
::1 - - [15/Oct/2019:16:22:57 +0200] "GET /td4/images/profil.png HTTP/1.1" 304 -
::1 - - [15/Oct/2019:16:23:01 +0200] "GET /td4/?action=detail&nSalle=s21 HTTP/1.1" 200 2111
::1 - - [15/Oct/2019:16:23:01 +0200] "GET /td4/css/base.css HTTP/1.1" 200 4707
::1 - - [15/Oct/2019:16:23:01 +0200] "GET /td4/css/form.css HTTP/1.1" 200 299
::1 - - [15/Oct/2019:16:23:01 +0200] "GET /td4/css/corps.css HTTP/1.1" 200 1462
::1 - - [15/Oct/2019:16:23:01 +0200] "GET /td4/css/cgu.css HTTP/1.1" 200 463
::1 - - [15/Oct/2019:16:23:01 +0200] "GET /favicon.ico HTTP/1.1" 404 309
::1 - - [15/Oct/2019:16:23:18 +0200] "GET /td4/?action=accueil HTTP/1.1" 200 4298
::1 - - [15/Oct/2019:16:23:18 +0200] "GET /td4/?action=connexion HTTP/1.1" 200 99
::1 - - [15/Oct/2019:16:23:18 +0200] "GET /td4/css/base.css HTTP/1.1" 304 -
::1 - - [15/Oct/2019:16:23:18 +0200] "GET /td4/images/loogo.png HTTP/1.1" 200 4927
::1 - - [15/Oct/2019:16:23:20 +0200] "GET /td4/?action=detail&nSalle=s23 HTTP/1.1" 200 1525
::1 - - [15/Oct/2019:16:23:22 +0200] "GET /td4/?action=accueil HTTP/1.1" 200 4298
::1 - - [15/Oct/2019:16:23:22 +0200] "GET /td4/css/base.css HTTP/1.1" 304 -
::1 - - [15/Oct/2019:16:23:45 +0200] "GET /td4/?action=detail&nSalle=s23 HTTP/1.1" 200 1525
::1 - - [15/Oct/2019:16:23:46 +0200] "GET /td4/?action=accueil HTTP/1.1" 200 4313
::1 - - [15/Oct/2019:16:23:57 +0200] "GET /td4/?action=detail&nSalle=s03 HTTP/1.1" 200 2108
::1 - - [15/Oct/2019:16:23:57 +0200] "GET /td4/css/base.css HTTP/1.1" 304 -
::1 - - [15/Oct/2019:16:24:02 +0200] "GET /td4/images/loogo.png HTTP/1.1" 304 -
::1 - - [15/Oct/2019:16:24:05 +0200] "GET /td4/?action=accueil HTTP/1.1" 200 4313
::1 - - [15/Oct/2019:16:24:05 +0200] "GET /td4/css/base.css HTTP/1.1" 304 -
::1 - - [15/Oct/2019:16:24:08 +0200] "GET /td4/?action=accueil HTTP/1.1" 200 4313
::1 - - [15/Oct/2019:16:25:38 +0200] "GET /td4/?action=recherche HTTP/1.1" 200 7780
::1 - - [15/Oct/2019:16:25:45 +0200] "GET /td4/?action=accueil HTTP/1.1" 200 4313
::1 - - [15/Oct/2019:16:25:57 +0200] "GET /td4/?action=detail&nSalle=s03 HTTP/1.1" 200 2099
::1 - - [15/Oct/2019:16:26:11 +0200] "GET /td4/?action=detail&nSalle=s03 HTTP/1.1" 200 2052
::1 - - [15/Oct/2019:16:26:11 +0200] "GET /td4/css/base.css HTTP/1.1" 304 -
::1 - - [15/Oct/2019:16:26:11 +0200] "GET /td4/css/cgu.css HTTP/1.1" 304 -
::1 - - [15/Oct/2019:16:26:11 +0200] "GET /td4/images/profil.png HTTP/1.1" 200 2979
::1 - - [15/Oct/2019:16:26:11 +0200] "GET /td4/css/form.css HTTP/1.1" 304 -
::1 - - [15/Oct/2019:16:26:11 +0200] "GET /td4/images/loogo.png HTTP/1.1" 304 -
::1 - - [15/Oct/2019:16:26:11 +0200] "GET /td4/css/corps.css HTTP/1.1" 304 -
::1 - - [15/Oct/2019:16:26:11 +0200] "GET /td4/?action=accueil HTTP/1.1" 200 4257
::1 - - [15/Oct/2019:16:27:36 +0200] "POST /mysql/index.php HTTP/1.1" 200 1538
::1 - - [15/Oct/2019:16:32:36 +0200] "GET /mysql/server_databases.php?server=1&token=6a6a19f048e4aba537117bacef20ea3c&ajax_request=true&ajax_page_request=true&_nocache=1571149951493365004 HTTP/1.1" 200 5889
::1 - - [15/Oct/2019:16:32:37 +0200] "GET /mysql/js/get_scripts.js.php?scripts%5B%5D=server_databases.js&call_done=1&v=4.5.4.1 HTTP/1.1" 200 1707
::1 - - [15/Oct/2019:16:32:39 +0200] "POST /mysql/db_create.php HTTP/1.1" 200 2012
::1 - - [15/Oct/2019:16:32:40 +0200] "POST /mysql/navigation.php?ajax_request=1&token=6a6a19f048e4aba537117bacef20ea3c HTTP/1.1" 200 2732
::1 - - [15/Oct/2019:16:32:40 +0200] "GET /mysql/db_structure.php?db=mrbs&token=6a6a19f048e4aba537117bacef20ea3c&db=mrbs&ajax_request=true&ajax_page_request=true&_nocache=1571149960147242525 HTTP/1.1" 200 2834
::1 - - [15/Oct/2019:16:32:41 +0200] "GET /mysql/js/get_scripts.js.php?scripts%5B%5D=db_structure.js&call_done=1&v=4.5.4.1 HTTP/1.1" 200 3721
::1 - - [15/Oct/2019:16:32:41 +0200] "GET /mysql/navigation.php?ajax_request=1&token=6a6a19f048e4aba537117bacef20ea3c&aPath=cm9vdA%3D%3D.bXJicw%3D%3D&vPath=cm9vdA%3D%3D.bXJicw%3D%3D&pos=0&pos2_name=&pos2_value=&searchClause=&searchClause2=&_nocache=1571149961068608768 HTTP/1.1" 200 1405
::1 - - [15/Oct/2019:16:32:41 +0200] "GET /mysql/db_structure.php?server=1&db=mrbs&token=6a6a19f048e4aba537117bacef20ea3c&ajax_request=true&ajax_page_request=true&_nocache=1571149961826479861 HTTP/1.1" 200 2833
::1 - - [15/Oct/2019:16:32:42 +0200] "POST /mysql/navigation.php?ajax_request=1&token=6a6a19f048e4aba537117bacef20ea3c HTTP/1.1" 200 2736
::1 - - [15/Oct/2019:16:38:23 +0200] "GET /mysql/db_structure.php?server=1&db=mrbs&token=6a6a19f048e4aba537117bacef20ea3c&ajax_request=true&ajax_page_request=true&_nocache=157115029866552250 HTTP/1.1" 200 2833
::1 - - [15/Oct/2019:16:38:23 +0200] "GET /mysql/db_structure.php?server=1&db=mrbs&token=6a6a19f048e4aba537117bacef20ea3c&ajax_request=true&ajax_page_request=true&_nocache=1571150302313640760 HTTP/1.1" 200 2833
::1 - - [15/Oct/2019:16:38:29 +0200] "GET /mysql/db_operations.php?db=mrbs&token=6a6a19f048e4aba537117bacef20ea3c&ajax_request=true&ajax_page_request=true&_nocache=1571150304313347393 HTTP/1.1" 200 5947
::1 - - [15/Oct/2019:16:38:29 +0200] "GET /mysql/js/get_scripts.js.php?scripts%5B%5D=db_operations.js&call_done=1&v=4.5.4.1 HTTP/1.1" 200 1484
::1 - - [15/Oct/2019:16:38:53 +0200] "GET /mysql/themes/pmahomme/jquery/images/ui-bg_glass_75_e6e6e6_1x400.png HTTP/1.1" 200 301
::1 - - [15/Oct/2019:16:38:53 +0200] "GET /mysql/themes/pmahomme/jquery/images/ui-bg_highlight-soft_75_cccccc_1x100.png HTTP/1.1" 200 319
::1 - - [15/Oct/2019:16:38:53 +0200] "GET /mysql/themes/pmahomme/jquery/images/ui-icons_222222_256x240.png HTTP/1.1" 200 7006
::1 - - [15/Oct/2019:16:38:53 +0200] "GET /mysql/themes/pmahomme/jquery/images/ui-icons_888888_256x240.png HTTP/1.1" 200 7092
::1 - - [15/Oct/2019:16:38:53 +0200] "GET /mysql/themes/pmahomme/jquery/images/ui-bg_flat_75_ffffff_40x100.png HTTP/1.1" 200 247
::1 - - [15/Oct/2019:16:38:53 +0200] "GET /mysql/themes/pmahomme/jquery/images/ui-bg_glass_65_ffffff_1x400.png HTTP/1.1" 200 246
::1 - - [15/Oct/2019:16:38:53 +0200] "GET /mysql/themes/pmahomme/jquery/images/ui-bg_glass_75_dadada_1x400.png HTTP/1.1" 200 301
::1 - - [15/Oct/2019:16:38:53 +0200] "GET /mysql/themes/pmahomme/jquery/images/ui-bg_flat_0_aaaaaa_40x100.png HTTP/1.1" 200 251
::1 - - [15/Oct/2019:16:38:53 +0200] "GET /mysql/sql.php?sql_query=DROP+DATABASE+%60mrbs%60&back=db_operations.php&goto=index.php&reload=1&purge=1&message_to_show=La+base+de+donn%C3%A9es+%60mrbs%60+a+%C3%A9t%C3%A9+effac%C3%A9e.&token=6a6a19f048e4aba537117bacef20ea3c&is_js_confirmed=1&ajax_request=true&_nocache=1571150329959305291 HTTP/1.1" 200 1806
::1 - - [15/Oct/2019:16:38:54 +0200] "POST /mysql/navigation.php?ajax_request=1&token=6a6a19f048e4aba537117bacef20ea3c HTTP/1.1" 200 2705
::1 - - [15/Oct/2019:16:38:54 +0200] "GET /mysql/server_databases.php?token=6a6a19f048e4aba537117bacef20ea3c&server=1&db=&table=&ajax_request=true&ajax_page_request=true&_nocache=1571150334389363310 HTTP/1.1" 200 5889
::1 - - [15/Oct/2019:16:38:55 +0200] "POST /mysql/navigation.php?ajax_request=1&token=6a6a19f048e4aba537117bacef20ea3c HTTP/1.1" 200 2705
::1 - - [15/Oct/2019:16:38:58 +0200] "GET /mysql/server_import.php?db=&token=6a6a19f048e4aba537117bacef20ea3c&ajax_request=true&ajax_page_request=true&_nocache=157115033841159163 HTTP/1.1" 200 6175
::1 - - [15/Oct/2019:16:38:59 +0200] "GET /mysql/js/get_scripts.js.php?scripts%5B%5D=import.js&call_done=1&v=4.5.4.1 HTTP/1.1" 200 1803
::1 - - [15/Oct/2019:16:40:07 +0200] "GET / HTTP/1.1" 200 1646
::1 - - [15/Oct/2019:16:40:07 +0200] "GET /?getimg=title HTTP/1.1" 200 6119
::1 - - [15/Oct/2019:16:40:07 +0200] "GET /?getimg=folder HTTP/1.1" 200 537
::1 - - [15/Oct/2019:16:40:07 +0200] "GET /?getimg=favicon HTTP/1.1" 200 5430
::1 - - [15/Oct/2019:16:40:09 +0200] "GET /mysql/ HTTP/1.1" 200 3088
::1 - - [15/Oct/2019:16:40:09 +0200] "GET /mysql/themes/pmahomme/jquery/jquery-ui-1.11.2.css HTTP/1.1" 200 35212
::1 - - [15/Oct/2019:16:40:09 +0200] "GET /mysql/js/codemirror/lib/codemirror.css?v=4.5.4.1 HTTP/1.1" 200 7771
::1 - - [15/Oct/2019:16:40:09 +0200] "GET /mysql/js/codemirror/addon/hint/show-hint.css?v=4.5.4.1 HTTP/1.1" 200 662
::1 - - [15/Oct/2019:16:40:09 +0200] "GET /mysql/js/codemirror/addon/lint/lint.css?v=4.5.4.1 HTTP/1.1" 200 3068
::1 - - [15/Oct/2019:16:40:09 +0200] "GET /mysql/themes/pmahomme/css/printview.css?v=4.5.4.1 HTTP/1.1" 200 3082
::1 - - [15/Oct/2019:16:40:09 +0200] "GET /mysql/js/get_scripts.js.php?scripts%5B%5D=common.js&scripts%5B%5D=config.js&scripts%5B%5D=page_settings.js&scripts%5B%5D=codemirror/lib/codemirror.js&scripts%5B%5D=codemirror/mode/sql/sql.js&scripts%5B%5D=codemirror/addon/runmode/runmode.js&scripts%5B%5D=codemirror/addon/hint/show-hint.js&scripts%5B%5D=codemirror/addon/hint/sql-hint.js&scripts%5B%5D=codemirror/addon/lint/lint.js&scripts%5B%5D=codemirror/addon/lint/sql-lint.js&scripts%5B%5D=console.js&v=4.5.4.1 HTTP/1.1" 200 129440
::1 - - [15/Oct/2019:16:40:09 +0200] "GET /mysql/phpmyadmin.css.php?nocache=4363588757ltr HTTP/1.1" 200 20076
::1 - - [15/Oct/2019:16:40:09 +0200] "GET /mysql/js/messages.php?lang=fr&db=&collation_connection=utf8_unicode_ci&token=975232473c5bd1938a3c674a6cc7f70c&v=4.5.4.1 HTTP/1.1" 200 9507
::1 - - [15/Oct/2019:16:40:09 +0200] "GET /mysql/js/get_image.js.php?theme=pmahomme&v=4.5.4.1 HTTP/1.1" 200 1822
::1 - - [15/Oct/2019:16:40:09 +0200] "GET /mysql/js/whitelist.php?lang=fr&db=&collation_connection=utf8_unicode_ci&token=975232473c5bd1938a3c674a6cc7f70c&v=4.5.4.1 HTTP/1.1" 200 482
::1 - - [15/Oct/2019:16:40:09 +0200] "GET /mysql/js/get_scripts.js.php?scripts%5B%5D=jquery/jquery-1.11.1.min.js&scripts%5B%5D=sprintf.js&scripts%5B%5D=ajax.js&scripts%5B%5D=keyhandler.js&scripts%5B%5D=jquery/jquery-ui-1.11.2.min.js&scripts%5B%5D=jquery/jquery.cookie.js&scripts%5B%5D=jquery/jquery.mousewheel.js&scripts%5B%5D=jquery/jquery.event.drag-2.2.js&scripts%5B%5D=jquery/jquery-ui-timepicker-addon.js&scripts%5B%5D=jquery/jquery.ba-hashchange-1.3.js&scripts%5B%5D=jquery/jquery.debounce-1.0.5.js&scripts%5B%5D=menu-resizer.js&scripts%5B%5D=cross_framing_protection.js&scripts%5B%5D=rte.js&scripts%5B%5D=tracekit/tracekit.js&scripts%5B%5D=error_report.js&scripts%5B%5D=doclinks.js&scripts%5B%5D=functions.js&scripts%5B%5D=navigation.js&scripts%5B%5D=indexes.js&v=4.5.4.1 HTTP/1.1" 200 216429
::1 - - [15/Oct/2019:16:40:11 +0200] "GET /mysql/themes/dot.gif HTTP/1.1" 200 43
::1 - - [15/Oct/2019:16:40:11 +0200] "GET /mysql/themes/pmahomme/img/logo_right.png HTTP/1.1" 200 4548
::1 - - [15/Oct/2019:16:40:11 +0200] "GET /mysql/favicon.ico HTTP/1.1" 200 22486
::1 - - [15/Oct/2019:16:40:11 +0200] "GET /mysql/themes/pmahomme/img/sprites.png?v=4.5.4.1 HTTP/1.1" 200 46795
::1 - - [15/Oct/2019:16:40:15 +0200] "POST /mysql/index.php HTTP/1.1" 200 3113
::1 - - [15/Oct/2019:16:40:15 +0200] "GET /mysql/js/whitelist.php?lang=fr&db=&token=975232473c5bd1938a3c674a6cc7f70c&v=4.5.4.1 HTTP/1.1" 200 482
::1 - - [15/Oct/2019:16:40:15 +0200] "GET /mysql/js/messages.php?lang=fr&db=&token=975232473c5bd1938a3c674a6cc7f70c&v=4.5.4.1 HTTP/1.1" 200 9507
::1 - - [15/Oct/2019:16:40:18 +0200] "POST /mysql/index.php HTTP/1.1" 302 25
::1 - - [15/Oct/2019:16:40:18 +0200] "GET /mysql/index.php?token=975232473c5bd1938a3c674a6cc7f70c HTTP/1.1" 200 13455
::1 - - [15/Oct/2019:16:40:18 +0200] "GET /mysql/phpmyadmin.css.php?nocache=5934739175ltr HTTP/1.1" 200 20076
::1 - - [15/Oct/2019:16:40:19 +0200] "GET /mysql/themes/pmahomme/img/logo_left.png HTTP/1.1" 200 2327
::1 - - [15/Oct/2019:16:40:19 +0200] "GET /mysql/themes/pmahomme/img/ajax_clock_small.gif HTTP/1.1" 200 1810
::1 - - [15/Oct/2019:16:40:19 +0200] "GET /mysql/themes/pmahomme/img/left_nav_bg.png HTTP/1.1" 200 297
::1 - - [15/Oct/2019:16:40:19 +0200] "GET /mysql/version_check.php?server=1&_nocache=1571150419493365620 HTTP/1.1" 200 39
::1 - - [15/Oct/2019:16:40:19 +0200] "POST /mysql/db_structure.php?ajax_request=1&favorite_table=1&sync_favorite_tables=1&token=975232473c5bd1938a3c674a6cc7f70c HTTP/1.1" 200 164
::1 - - [15/Oct/2019:16:40:22 +0200] "GET /mysql/server_import.php?db=&token=975232473c5bd1938a3c674a6cc7f70c&ajax_request=true&ajax_page_request=true&_nocache=1571150422598152591 HTTP/1.1" 200 6174
::1 - - [15/Oct/2019:16:40:23 +0200] "GET /mysql/js/get_scripts.js.php?scripts%5B%5D=import.js&call_done=1&v=4.5.4.1 HTTP/1.1" 200 1803
::1 - - [15/Oct/2019:16:40:24 +0200] "GET /mysql/themes/pmahomme/img/s_collapseall.png HTTP/1.1" 200 170
::1 - - [15/Oct/2019:16:40:45 +0200] "POST /mysql/import.php HTTP/1.1" 200 8238
::1 - - [15/Oct/2019:16:40:46 +0200] "GET /mysql/phpmyadmin.css.php?nocache=5819075458ltr HTTP/1.1" 200 20076
::1 - - [15/Oct/2019:16:40:46 +0200] "POST /mysql/navigation.php?ajax_request=1&token=975232473c5bd1938a3c674a6cc7f70c HTTP/1.1" 200 2217
::1 - - [15/Oct/2019:16:40:48 +0200] "GET /mysql/server_import.php?db=&token=975232473c5bd1938a3c674a6cc7f70c&ajax_request=true&ajax_page_request=true&_nocache=1571150448713771642 HTTP/1.1" 200 6174
::1 - - [15/Oct/2019:16:43:07 +0200] "GET /mysql/db_structure.php?server=1&db=mrbs&token=975232473c5bd1938a3c674a6cc7f70c&ajax_request=true&ajax_page_request=true&_nocache=1571150587390842911 HTTP/1.1" 200 2835
::1 - - [15/Oct/2019:16:43:07 +0200] "GET /mysql/js/get_scripts.js.php?scripts%5B%5D=db_structure.js&scripts%5B%5D=tbl_change.js&call_done=1&v=4.5.4.1 HTTP/1.1" 200 10265
::1 - - [15/Oct/2019:16:43:07 +0200] "GET /mysql/navigation.php?ajax_request=1&token=975232473c5bd1938a3c674a6cc7f70c&aPath=cm9vdA%3D%3D.bXJicw%3D%3D&vPath=cm9vdA%3D%3D.bXJicw%3D%3D&pos=0&pos2_name=&pos2_value=&searchClause=&searchClause2=&_nocache=1571150587868110884 HTTP/1.1" 200 1404
::1 - - [15/Oct/2019:16:43:07 +0200] "GET /mysql/navigation.php?ajax_request=1&token=975232473c5bd1938a3c674a6cc7f70c&aPath=cm9vdA%3D%3D.bXJicw%3D%3D&vPath=cm9vdA%3D%3D.bXJicw%3D%3D&pos=0&pos2_name=&pos2_value=&searchClause=&searchClause2=&_nocache=1571150587934652555 HTTP/1.1" 200 1404
::1 - - [15/Oct/2019:16:43:08 +0200] "POST /mysql/navigation.php?ajax_request=1&token=975232473c5bd1938a3c674a6cc7f70c HTTP/1.1" 200 2217
::1 - - [15/Oct/2019:16:43:09 +0200] "GET /mysql/navigation.php?ajax_request=1&token=975232473c5bd1938a3c674a6cc7f70c&aPath=cm9vdA%3D%3D.bXJicw%3D%3D&vPath=cm9vdA%3D%3D.bXJicw%3D%3D&pos=0&pos2_name=&pos2_value=&searchClause=&searchClause2=&_nocache=1571150589229107352 HTTP/1.1" 200 1404
::1 - - [15/Oct/2019:16:43:10 +0200] "GET /mysql/db_import.php?db=mrbs&token=975232473c5bd1938a3c674a6cc7f70c&ajax_request=true&ajax_page_request=true&_nocache=1571150590673477438 HTTP/1.1" 200 6345
::1 - - [15/Oct/2019:16:43:40 +0200] "POST /mysql/import.php HTTP/1.1" 200 8079
::1 - - [15/Oct/2019:16:43:42 +0200] "GET /mysql/js/whitelist.php?lang=fr&db=mrbs&token=975232473c5bd1938a3c674a6cc7f70c&v=4.5.4.1 HTTP/1.1" 200 482
::1 - - [15/Oct/2019:16:43:42 +0200] "GET /mysql/js/messages.php?lang=fr&db=mrbs&token=975232473c5bd1938a3c674a6cc7f70c&v=4.5.4.1 HTTP/1.1" 200 9507
::1 - - [15/Oct/2019:16:43:42 +0200] "POST /mysql/navigation.php?ajax_request=1&token=975232473c5bd1938a3c674a6cc7f70c HTTP/1.1" 200 2745
::1 - - [15/Oct/2019:16:43:56 +0200] "GET /mysql/db_import.php?db=mrbs&token=975232473c5bd1938a3c674a6cc7f70c&ajax_request=true&ajax_page_request=true&_nocache=1571150636766721742 HTTP/1.1" 200 6347
::1 - - [15/Oct/2019:16:44:29 +0200] "POST /mysql/import.php HTTP/1.1" 200 8084
::1 - - [15/Oct/2019:16:44:30 +0200] "POST /mysql/navigation.php?ajax_request=1&token=975232473c5bd1938a3c674a6cc7f70c HTTP/1.1" 200 2745
::1 - - [15/Oct/2019:16:44:49 +0200] "GET / HTTP/1.1" 200 1646
::1 - - [15/Oct/2019:16:44:49 +0200] "GET /?getimg=title HTTP/1.1" 200 6119
::1 - - [15/Oct/2019:16:44:49 +0200] "GET /?getimg=folder HTTP/1.1" 200 537
::1 - - [15/Oct/2019:16:44:51 +0200] "GET /td4 HTTP/1.1" 301 329
::1 - - [15/Oct/2019:16:44:51 +0200] "GET /td4/ HTTP/1.1" 200 4257
::1 - - [15/Oct/2019:16:44:51 +0200] "GET /td4/images/loogo.png HTTP/1.1" 200 4927
::1 - - [15/Oct/2019:16:44:51 +0200] "GET /td4/css/cgu.css HTTP/1.1" 200 463
::1 - - [15/Oct/2019:16:44:51 +0200] "GET /td4/css/base.css HTTP/1.1" 200 4707
::1 - - [15/Oct/2019:16:44:51 +0200] "GET /td4/css/corps.css HTTP/1.1" 200 1462
::1 - - [15/Oct/2019:16:44:51 +0200] "GET /td4/css/form.css HTTP/1.1" 200 299
::1 - - [15/Oct/2019:16:44:51 +0200] "GET /td4/images/profil.png HTTP/1.1" 200 2979
::1 - - [15/Oct/2019:16:44:51 +0200] "GET /favicon.ico HTTP/1.1" 404 309
::1 - - [15/Oct/2019:16:44:52 +0200] "GET /td4/?action=connexion HTTP/1.1" 200 100
::1 - - [15/Oct/2019:16:46:15 +0200] "GET /td4/ HTTP/1.1" 200 4257
::1 - - [15/Oct/2019:16:46:16 +0200] "GET /td4/?action=connexion HTTP/1.1" 200 98
::1 - - [15/Oct/2019:16:46:40 +0200] "GET /td4/ HTTP/1.1" 200 4257
::1 - - [15/Oct/2019:16:46:41 +0200] "GET /td4/?action=connexion HTTP/1.1" 200 93
::1 - - [15/Oct/2019:16:49:14 +0200] "GET /td4/ HTTP/1.1" 200 4257
::1 - - [15/Oct/2019:16:49:15 +0200] "GET /td4/?action=connexion HTTP/1.1" 200 90
::1 - - [15/Oct/2019:16:49:50 +0200] "GET /td4/ HTTP/1.1" 200 4257
::1 - - [15/Oct/2019:16:49:51 +0200] "GET /td4/?action=connexion HTTP/1.1" 200 2098
::1 - - [15/Oct/2019:16:49:51 +0200] "GET /td4/css/base.css HTTP/1.1" 304 -
::1 - - [15/Oct/2019:16:49:51 +0200] "GET /td4/images/loogo.png HTTP/1.1" 304 -
::1 - - [15/Oct/2019:16:50:03 +0200] "POST /td4/?action=connexion HTTP/1.1" 200 2098
::1 - - [15/Oct/2019:16:51:52 +0200] "GET /td4/?action=accueil HTTP/1.1" 200 4257
::1 - - [15/Oct/2019:16:51:52 +0200] "GET /td4/?action=connexion HTTP/1.1" 200 2098
::1 - - [15/Oct/2019:16:51:57 +0200] "POST /td4/?action=connexion HTTP/1.1" 200 2098
::1 - - [15/Oct/2019:16:58:23 +0200] "GET /td4/?action=connexion HTTP/1.1" 200 2098
::1 - - [15/Oct/2019:16:58:25 +0200] "GET /td4/?action=accueil HTTP/1.1" 200 4257
::1 - - [15/Oct/2019:16:58:25 +0200] "GET /td4/css/base.css HTTP/1.1" 304 -
::1 - - [15/Oct/2019:16:58:25 +0200] "GET /td4/css/corps.css HTTP/1.1" 304 -
::1 - - [15/Oct/2019:16:58:26 +0200] "GET /td4/?action=detail&nSalle=s01 HTTP/1.1" 200 2344
::1 - - [15/Oct/2019:16:58:28 +0200] "GET /td4/?action=accueil HTTP/1.1" 200 4257
::1 - - [15/Oct/2019:16:58:29 +0200] "GET /td4/?action=connexion HTTP/1.1" 200 2098
::1 - - [15/Oct/2019:16:58:31 +0200] "GET /td4/images/loogo.png HTTP/1.1" 304 -
::1 - - [15/Oct/2019:16:58:33 +0200] "POST /td4/?action=connexion HTTP/1.1" 200 2098
::1 - - [15/Oct/2019:16:58:37 +0200] "GET /mysql/sql.php?server=1&db=mrbs&table=mrbs_users&pos=0&token=975232473c5bd1938a3c674a6cc7f70c&ajax_request=true&ajax_page_request=true&_nocache=1571151517787273437 HTTP/1.1" 200 10356
::1 - - [15/Oct/2019:16:58:38 +0200] "GET /mysql/themes/pmahomme/img/s_fulltext.png HTTP/1.1" 200 193
::1 - - [15/Oct/2019:16:58:38 +0200] "GET /mysql/themes/pmahomme/img/arrow_ltr.png HTTP/1.1" 200 139
::1 - - [15/Oct/2019:16:58:38 +0200] "GET /mysql/js/get_scripts.js.php?scripts%5B%5D=jquery/jquery.uitablefilter.js&scripts%5B%5D=tbl_change.js&scripts%5B%5D=gis_data_editor.js&scripts%5B%5D=multi_column_sort.js&scripts%5B%5D=makegrid.js&scripts%5B%5D=sql.js&call_done=1&v=4.5.4.1 HTTP/1.1" 200 37074
::1 - - [15/Oct/2019:16:58:38 +0200] "GET /mysql/themes/pmahomme/img/col_pointer.png HTTP/1.1" 200 113
::1 - - [15/Oct/2019:16:58:38 +0200] "GET /mysql/themes/pmahomme/img/col_drop.png HTTP/1.1" 200 132
::1 - - [15/Oct/2019:16:58:38 +0200] "GET /mysql/index.php?ajax_request=1&recent_table=1&token=975232473c5bd1938a3c674a6cc7f70c&no_debug=true&_nocache=1571151518787786532 HTTP/1.1" 200 1471
::1 - - [15/Oct/2019:16:58:38 +0200] "POST /mysql/navigation.php?ajax_request=1&token=975232473c5bd1938a3c674a6cc7f70c HTTP/1.1" 200 2762
::1 - - [15/Oct/2019:17:00:36 +0200] "POST /td4/?action=connexion HTTP/1.1" 200 3865
::1 - - [15/Oct/2019:17:02:42 +0200] "GET /td4/?action=connexion HTTP/1.1" 200 2098
::1 - - [15/Oct/2019:17:02:47 +0200] "GET /td4/?action=connexion HTTP/1.1" 200 2098
::1 - - [15/Oct/2019:17:02:47 +0200] "GET /td4/css/base.css HTTP/1.1" 304 -
::1 - - [15/Oct/2019:17:02:47 +0200] "GET /td4/css/form.css HTTP/1.1" 304 -
::1 - - [15/Oct/2019:17:02:47 +0200] "GET /td4/css/cgu.css HTTP/1.1" 304 -
::1 - - [15/Oct/2019:17:02:47 +0200] "GET /td4/images/loogo.png HTTP/1.1" 304 -
::1 - - [15/Oct/2019:17:02:51 +0200] "POST /td4/?action=connexion HTTP/1.1" 200 2098
::1 - - [15/Oct/2019:17:06:08 +0200] "POST /td4/?action=connexion HTTP/1.1" 200 2098
::1 - - [15/Oct/2019:17:06:26 +0200] "GET /td4/?action=accueil HTTP/1.1" 200 4257
::1 - - [15/Oct/2019:17:06:27 +0200] "GET /td4/?action=detail&nSalle=s01 HTTP/1.1" 200 2344
::1 - - [15/Oct/2019:17:06:29 +0200] "GET /td4/?action=connexion HTTP/1.1" 200 2098
::1 - - [15/Oct/2019:17:08:47 +0200] "POST /td4/?action=connexion HTTP/1.1" 200 2098
::1 - - [15/Oct/2019:17:08:47 +0200] "GET /td4/css/base.css HTTP/1.1" 304 -
::1 - - [15/Oct/2019:17:08:53 +0200] "GET /td4/images/loogo.png HTTP/1.1" 304 -
::1 - - [15/Oct/2019:17:08:57 +0200] "GET /td4/?action=inscription HTTP/1.1" 200 4257
::1 - - [15/Oct/2019:17:08:58 +0200] "GET /td4/?action=connexion HTTP/1.1" 200 2098
::1 - - [15/Oct/2019:17:08:59 +0200] "GET /td4/?action=inscription HTTP/1.1" 200 4257
::1 - - [15/Oct/2019:17:10:04 +0200] "GET /td4/?action=connexion HTTP/1.1" 200 2098
::1 - - [15/Oct/2019:17:10:05 +0200] "GET /td4/?action=inscription HTTP/1.1" 200 2271
::1 - - [15/Oct/2019:17:11:47 +0200] "GET /td4/?action=connexion HTTP/1.1" 200 2098
::1 - - [15/Oct/2019:17:11:48 +0200] "GET /td4/?action=inscription HTTP/1.1" 200 2074
::1 - - [15/Oct/2019:17:12:18 +0200] "POST /td4/?action=inscription HTTP/1.1" 200 1736
::1 - - [15/Oct/2019:17:12:20 +0200] "GET /td4/?action=connexion HTTP/1.1" 200 2098
::1 - - [15/Oct/2019:17:12:28 +0200] "POST /td4/?action=connexion HTTP/1.1" 200 6068
::1 - - [15/Oct/2019:17:13:16 +0200] "GET /td4/?action=connexion HTTP/1.1" 200 1863
::1 - - [15/Oct/2019:17:13:21 +0200] "GET /td4/?action=profil HTTP/1.1" 200 1863
::1 - - [15/Oct/2019:17:13:21 +0200] "GET /td4/css/corps.css HTTP/1.1" 304 -
::1 - - [15/Oct/2019:17:13:22 +0200] "GET /td4/?action=deconnexion HTTP/1.1" 200 1746
::1 - - [15/Oct/2019:17:13:36 +0200] "POST /td4/?action=connexion HTTP/1.1" 200 2098
::1 - - [15/Oct/2019:17:13:36 +0200] "GET /td4/css/base.css HTTP/1.1" 304 -
::1 - - [15/Oct/2019:17:13:36 +0200] "GET /td4/images/loogo.png HTTP/1.1" 304 -
::1 - - [15/Oct/2019:17:13:45 +0200] "POST /td4/?action=connexion HTTP/1.1" 200 1863
