2019-10-15T12:59:00.088493Z 0 [Warning] TIMESTAMP with implicit DEFAULT value is deprecated. Please use --explicit_defaults_for_timestamp server option (see documentation for more details).
2019-10-15T12:59:00.088493Z 0 [Warning] 'NO_ZERO_DATE', 'NO_ZERO_IN_DATE' and 'ERROR_FOR_DIVISION_BY_ZERO' sql modes should be used with strict mode. They will be merged with strict mode in a future release.
2019-10-15T12:59:00.088493Z 0 [Warning] 'NO_AUTO_CREATE_USER' sql mode was not set.
2019-10-15T12:59:00.088493Z 0 [Warning] Insecure configuration for --secure-file-priv: Current value does not restrict location of generated files. Consider setting it to a valid, non-empty path.
2019-10-15T12:59:00.088493Z 0 [Note] C:\Users\mathias.thomas\Documents\PPE\UwAmp\bin\database\mysql-5.7.11\bin\mysqld.exe (mysqld 5.7.11) starting as process 6604 ...
2019-10-15T12:59:00.123517Z 0 [ERROR] Can't open shared library 'C:\Users\mathias.thomas\Documents\PPE\UwAmp\bin\database\mysql-5.7.11\lib\plugin\keyring_file.dll' (errno: 126 Le module spécifié est introuvable.)
2019-10-15T12:59:00.125518Z 0 [ERROR] Couldn't load plugin named 'keyring_file' with soname 'keyring_file.dll'.
2019-10-15T12:59:00.127519Z 0 [Note] InnoDB: Mutexes and rw_locks use Windows interlocked functions
2019-10-15T12:59:00.128520Z 0 [Note] InnoDB: Uses event mutexes
2019-10-15T12:59:00.129521Z 0 [Note] InnoDB: Memory barrier is not used
2019-10-15T12:59:00.130521Z 0 [Note] InnoDB: Compressed tables use zlib 1.2.3
2019-10-15T12:59:00.131522Z 0 [Note] InnoDB: Number of pools: 1
2019-10-15T12:59:00.132522Z 0 [Note] InnoDB: Not using CPU crc32 instructions
2019-10-15T12:59:00.209574Z 0 [Note] InnoDB: Initializing buffer pool, total size = 128M, instances = 1, chunk size = 128M
2019-10-15T12:59:00.219581Z 0 [Note] InnoDB: Completed initialization of buffer pool
2019-10-15T12:59:00.329657Z 0 [Note] InnoDB: Setting log file .\ib_logfile101 size to 48 MB
2019-10-15T12:59:01.245320Z 0 [Note] InnoDB: Setting log file .\ib_logfile1 size to 48 MB
2019-10-15T12:59:02.748352Z 0 [Note] InnoDB: Renaming log file .\ib_logfile101 to .\ib_logfile0
2019-10-15T12:59:02.753355Z 0 [Warning] InnoDB: New log files created, LSN=2602779
2019-10-15T12:59:02.762361Z 0 [Note] InnoDB: Highest supported file format is Barracuda.
2019-10-15T12:59:02.856423Z 0 [Note] InnoDB: Log scan progressed past the checkpoint lsn 2603020
2019-10-15T12:59:02.858425Z 0 [Note] InnoDB: Doing recovery: scanned up to log sequence number 2603029
2019-10-15T12:59:02.860426Z 0 [Note] InnoDB: Doing recovery: scanned up to log sequence number 2603029
2019-10-15T12:59:02.862427Z 0 [Note] InnoDB: Database was not shutdown normally!
2019-10-15T12:59:02.863428Z 0 [Note] InnoDB: Starting crash recovery.
2019-10-15T12:59:03.648953Z 0 [Note] InnoDB: Creating shared tablespace for temporary tables
2019-10-15T12:59:03.650954Z 0 [Note] InnoDB: Setting file '.\ibtmp1' size to 12 MB. Physically writing the file full; Please wait ...
2019-10-15T12:59:03.960161Z 0 [Note] InnoDB: File '.\ibtmp1' size is now 12 MB.
2019-10-15T12:59:03.971169Z 0 [Note] InnoDB: 96 redo rollback segment(s) found. 96 redo rollback segment(s) are active.
2019-10-15T12:59:03.973170Z 0 [Note] InnoDB: 32 non-redo rollback segment(s) are active.
2019-10-15T12:59:03.974171Z 0 [Note] InnoDB: Waiting for purge to start
2019-10-15T12:59:04.036212Z 0 [Note] InnoDB: 5.7.11 started; log sequence number 2603029
2019-10-15T12:59:04.037213Z 0 [Note] InnoDB: Loading buffer pool(s) from C:\Users\mathias.thomas\Documents\PPE\UwAmp\bin\database\mysql-5.7.11\data\ib_buffer_pool
2019-10-15T12:59:04.037213Z 0 [Note] Plugin 'FEDERATED' is disabled.
2019-10-15T12:59:04.240349Z 0 [Warning] Failed to set up SSL because of the following SSL library error: SSL context is not usable without certificate and private key
2019-10-15T12:59:04.245352Z 0 [Note] Server hostname (bind-address): '*'; port: 3306
2019-10-15T12:59:04.247353Z 0 [Note] IPv6 is available.
2019-10-15T12:59:04.248354Z 0 [Note]   - '::' resolves to '::';
2019-10-15T12:59:04.248354Z 0 [Note] Server socket created on IP: '::'.
2019-10-15T12:59:04.729676Z 0 [Note] InnoDB: Buffer pool(s) load completed at 191015 14:59:04
2019-10-15T12:59:05.232012Z 0 [Note] Event Scheduler: Loaded 0 events
2019-10-15T12:59:05.233012Z 0 [Note] C:\Users\mathias.thomas\Documents\PPE\UwAmp\bin\database\mysql-5.7.11\bin\mysqld.exe: ready for connections.
Version: '5.7.11'  socket: ''  port: 3306  MySQL Community Server (GPL)
2019-10-15T14:40:15.930069Z 262 [Note] Access denied for user 'root'@'localhost' (using password: YES)
2019-10-15T15:13:56.384541Z 0 [Note] C:\Users\mathias.thomas\Documents\PPE\UwAmp\bin\database\mysql-5.7.11\bin\mysqld.exe: Normal shutdown

2019-10-15T15:13:56.386538Z 0 [Note] Giving 0 client threads a chance to die gracefully
2019-10-15T15:13:56.387538Z 0 [Note] Shutting down slave threads
2019-10-15T15:13:56.388539Z 0 [Note] Forcefully disconnecting 0 remaining clients
2019-10-15T15:13:56.389039Z 0 [Note] Event Scheduler: Purging the queue. 0 events
2019-10-15T15:13:56.390540Z 0 [Note] Binlog end
2019-10-15T15:13:56.401549Z 0 [Note] Shutting down plugin 'ngram'
2019-10-15T15:13:56.402050Z 0 [Note] Shutting down plugin 'partition'
2019-10-15T15:13:56.403050Z 0 [Note] Shutting down plugin 'BLACKHOLE'
2019-10-15T15:13:56.403550Z 0 [Note] Shutting down plugin 'ARCHIVE'
2019-10-15T15:13:56.404550Z 0 [Note] Shutting down plugin 'PERFORMANCE_SCHEMA'
2019-10-15T15:13:56.405052Z 0 [Note] Shutting down plugin 'MRG_MYISAM'
2019-10-15T15:13:56.406051Z 0 [Note] Shutting down plugin 'MyISAM'
2019-10-15T15:13:56.406553Z 0 [Note] Shutting down plugin 'INNODB_SYS_VIRTUAL'
2019-10-15T15:13:56.407553Z 0 [Note] Shutting down plugin 'INNODB_SYS_DATAFILES'
2019-10-15T15:13:56.408054Z 0 [Note] Shutting down plugin 'INNODB_SYS_TABLESPACES'
2019-10-15T15:13:56.409054Z 0 [Note] Shutting down plugin 'INNODB_SYS_FOREIGN_COLS'
2019-10-15T15:13:56.410055Z 0 [Note] Shutting down plugin 'INNODB_SYS_FOREIGN'
2019-10-15T15:13:56.410555Z 0 [Note] Shutting down plugin 'INNODB_SYS_FIELDS'
2019-10-15T15:13:56.411556Z 0 [Note] Shutting down plugin 'INNODB_SYS_COLUMNS'
2019-10-15T15:13:56.412056Z 0 [Note] Shutting down plugin 'INNODB_SYS_INDEXES'
2019-10-15T15:13:56.413057Z 0 [Note] Shutting down plugin 'INNODB_SYS_TABLESTATS'
2019-10-15T15:13:56.414057Z 0 [Note] Shutting down plugin 'INNODB_SYS_TABLES'
2019-10-15T15:13:56.414558Z 0 [Note] Shutting down plugin 'INNODB_FT_INDEX_TABLE'
2019-10-15T15:13:56.415558Z 0 [Note] Shutting down plugin 'INNODB_FT_INDEX_CACHE'
2019-10-15T15:13:56.416559Z 0 [Note] Shutting down plugin 'INNODB_FT_CONFIG'
2019-10-15T15:13:56.417059Z 0 [Note] Shutting down plugin 'INNODB_FT_BEING_DELETED'
2019-10-15T15:13:56.418060Z 0 [Note] Shutting down plugin 'INNODB_FT_DELETED'
2019-10-15T15:13:56.418560Z 0 [Note] Shutting down plugin 'INNODB_FT_DEFAULT_STOPWORD'
2019-10-15T15:13:56.419561Z 0 [Note] Shutting down plugin 'INNODB_METRICS'
2019-10-15T15:13:56.420562Z 0 [Note] Shutting down plugin 'INNODB_TEMP_TABLE_INFO'
2019-10-15T15:13:56.421062Z 0 [Note] Shutting down plugin 'INNODB_BUFFER_POOL_STATS'
2019-10-15T15:13:56.422063Z 0 [Note] Shutting down plugin 'INNODB_BUFFER_PAGE_LRU'
2019-10-15T15:13:56.423064Z 0 [Note] Shutting down plugin 'INNODB_BUFFER_PAGE'
2019-10-15T15:13:56.423564Z 0 [Note] Shutting down plugin 'INNODB_CMP_PER_INDEX_RESET'
2019-10-15T15:13:56.424564Z 0 [Note] Shutting down plugin 'INNODB_CMP_PER_INDEX'
2019-10-15T15:13:56.425565Z 0 [Note] Shutting down plugin 'INNODB_CMPMEM_RESET'
2019-10-15T15:13:56.426065Z 0 [Note] Shutting down plugin 'INNODB_CMPMEM'
2019-10-15T15:13:56.427066Z 0 [Note] Shutting down plugin 'INNODB_CMP_RESET'
2019-10-15T15:13:56.427566Z 0 [Note] Shutting down plugin 'INNODB_CMP'
2019-10-15T15:13:56.428567Z 0 [Note] Shutting down plugin 'INNODB_LOCK_WAITS'
2019-10-15T15:13:56.429067Z 0 [Note] Shutting down plugin 'INNODB_LOCKS'
2019-10-15T15:13:56.430068Z 0 [Note] Shutting down plugin 'INNODB_TRX'
2019-10-15T15:13:56.430569Z 0 [Note] Shutting down plugin 'InnoDB'
2019-10-15T15:13:56.431569Z 0 [Note] InnoDB: FTS optimize thread exiting.
2019-10-15T15:13:56.432570Z 0 [Note] InnoDB: Starting shutdown...
2019-10-15T15:13:56.533566Z 0 [Note] InnoDB: Dumping buffer pool(s) to C:\Users\mathias.thomas\Documents\PPE\UwAmp\bin\database\mysql-5.7.11\data\ib_buffer_pool
2019-10-15T15:13:56.548572Z 0 [Note] InnoDB: Buffer pool(s) dump completed at 191015 17:13:56
2019-10-15T15:13:57.887695Z 0 [Note] InnoDB: Shutdown completed; log sequence number 2856053
2019-10-15T15:13:57.890197Z 0 [Note] InnoDB: Removed temporary tablespace data file: "ibtmp1"
2019-10-15T15:13:57.892198Z 0 [Note] Shutting down plugin 'MEMORY'
2019-10-15T15:13:57.893699Z 0 [Note] Shutting down plugin 'CSV'
2019-10-15T15:13:57.895201Z 0 [Note] Shutting down plugin 'sha256_password'
2019-10-15T15:13:57.897201Z 0 [Note] Shutting down plugin 'mysql_native_password'
2019-10-15T15:13:57.899204Z 0 [Note] Shutting down plugin 'binlog'
2019-10-15T15:13:57.901203Z 0 [Note] C:\Users\mathias.thomas\Documents\PPE\UwAmp\bin\database\mysql-5.7.11\bin\mysqld.exe: Shutdown complete

